

Microchip MPLAB XC8 Assembler V2.10 build 88905656 
                                                                                               Sun Jun 14 18:11:47 2020

Microchip MPLAB XC8 C Compiler v2.10 (Free license) build 20190730164152 Og1 
     1                           	processor	18F4550
     2                           	fnconf	rparam,??,?,0
     3                           	opt	pw 120
     4                           	opt	flic
     5                           	psect	cinit,global,reloc=2,class=CODE,delta=1
     6                           	psect	cstackCOMRAM,global,class=COMRAM,space=1,delta=1,noexec
     7                           	psect	text0,global,reloc=2,class=CODE,delta=1
     8                           	psect	text1,global,reloc=2,class=CODE,delta=1
     9                           	psect	intsave_regs,global,class=BIGRAM,space=1,delta=1,noexec
    10                           	psect	rparam,global,class=COMRAM,space=1,delta=1,noexec
    11  0000                     
    12                           ; Version 2.10
    13                           ; Generated 31/07/2019 GMT
    14                           ; 
    15                           ; Copyright © 2019, Microchip Technology Inc. and its subsidiaries ("Microchip")
    16                           ; All rights reserved.
    17                           ; 
    18                           ; This software is developed by Microchip Technology Inc. and its subsidiaries ("Microch
      +                          ip").
    19                           ; 
    20                           ; Redistribution and use in source and binary forms, with or without modification, are
    21                           ; permitted provided that the following conditions are met:
    22                           ; 
    23                           ;     1. Redistributions of source code must retain the above copyright notice, this lis
      +                          t of
    24                           ;        conditions and the following disclaimer.
    25                           ; 
    26                           ;     2. Redistributions in binary form must reproduce the above copyright notice, this 
      +                          list
    27                           ;        of conditions and the following disclaimer in the documentation and/or other
    28                           ;        materials provided with the distribution.
    29                           ; 
    30                           ;     3. Microchip's name may not be used to endorse or promote products derived from th
      +                          is
    31                           ;        software without specific prior written permission.
    32                           ; 
    33                           ; THIS SOFTWARE IS PROVIDED BY MICROCHIP "AS IS" AND ANY EXPRESS OR IMPLIED WARRANTIES,
    34                           ; INCLUDING, BUT NOT LIMITED TO, THE IMPLIED WARRANTIES OF MERCHANTABILITY AND FITNESS F
      +                          OR
    35                           ; PURPOSE ARE DISCLAIMED.  IN NO EVENT SHALL MICROCHIP BE LIABLE FOR ANY DIRECT, INDIREC
      +                          T,
    36                           ; INCIDENTAL, SPECIAL, EXEMPLARY, OR CONSEQUENTIAL DAMAGES (INCLUDING BUT NOT LIMITED TO
    37                           ; PROCUREMENT OF SUBSTITUTE GOODS OR SERVICES; LOSS OF USE, DATA OR PROFITS; OR BUSINESS
    38                           ; INTERRUPTION) HOWSOEVER CAUSED AND ON ANY THEORY OF LIABILITY, WHETHER IN CONTRACT, ST
      +                          RICT
    39                           ; LIABILITY, OR TORT (INCLUDING NEGLIGENCE OR OTHERWISE) ARISING IN ANY WAY OUT OF THE U
      +                          SE OF
    40                           ; THIS SOFTWARE, EVEN IF ADVISED OF THE POSSIBILITY OF SUCH DAMAGE.
    41                           ; 
    42                           ; 
    43                           ; Code-generator required, PIC18F4550 Definitions
    44                           ; 
    45                           ; SFR Addresses
    46  0000                     _PIR1bits	set	3998
    47  0000                     _CCPR1L	set	4030
    48  0000                     _CCP1CONbits	set	4029
    49  0000                     _PR2	set	4043
    50  0000                     _T2CONbits	set	4042
    51  0000                     _TRISDbits	set	3989
    52  0000                     _TRISCbits	set	3988
    53                           
    54                           ; #config settings
    55  0000                     
    56                           	psect	cinit
    57  007FBC                     __pcinit:
    58                           	opt callstack 0
    59  007FBC                     start_initialization:
    60                           	opt callstack 0
    61  007FBC                     __initialization:
    62                           	opt callstack 0
    63  007FBC                     end_of_initialization:
    64                           	opt callstack 0
    65  007FBC                     __end_of__initialization:
    66                           	opt callstack 0
    67  007FBC  0100               	movlb	0
    68  007FBE  EFE1  F03F         	goto	_main	;jump to C main() function
    69                           
    70                           	psect	cstackCOMRAM
    71  000000                     __pcstackCOMRAM:
    72                           	opt callstack 0
    73  000000                     
    74                           ; 1 bytes @ 0x0
    75 ;;
    76 ;;Main: autosize = 0, tempsize = 0, incstack = 0, save=0
    77 ;;
    78 ;; *************** function _main *****************
    79 ;; Defined at:
    80 ;;		line 6 in file "Main.c"
    81 ;; Parameters:    Size  Location     Type
    82 ;;		None
    83 ;; Auto vars:     Size  Location     Type
    84 ;;		None
    85 ;; Return value:  Size  Location     Type
    86 ;;                  1    wreg      void 
    87 ;; Registers used:
    88 ;;		wreg, status,2, cstack
    89 ;; Tracked objects:
    90 ;;		On entry : 0/0
    91 ;;		On exit  : 0/0
    92 ;;		Unchanged: 0/0
    93 ;; Data sizes:     COMRAM   BANK0   BANK1   BANK2   BANK3   BANK4   BANK5   BANK6   BANK7
    94 ;;      Params:         0       0       0       0       0       0       0       0       0
    95 ;;      Locals:         0       0       0       0       0       0       0       0       0
    96 ;;      Temps:          0       0       0       0       0       0       0       0       0
    97 ;;      Totals:         0       0       0       0       0       0       0       0       0
    98 ;;Total ram usage:        0 bytes
    99 ;; Hardware stack levels required when called:    1
   100 ;; This function calls:
   101 ;;		_EPWM_Init
   102 ;; This function is called by:
   103 ;;		Startup code after reset
   104 ;; This function uses a non-reentrant model
   105 ;;
   106                           
   107                           	psect	text0
   108  007FC2                     __ptext0:
   109                           	opt callstack 0
   110  007FC2                     _main:
   111                           	opt callstack 30
   112  007FC2                     
   113                           ;Main.c: 7:     EPWM_Init();
   114  007FC2  ECE7  F03F         	call	_EPWM_Init	;wreg free
   115  007FC6                     l7:
   116  007FC6  EFE3  F03F         	goto	l7
   117  007FCA  EF00  F000         	goto	start
   118  007FCE                     __end_of_main:
   119                           	opt callstack 0
   120                           
   121 ;; *************** function _EPWM_Init *****************
   122 ;; Defined at:
   123 ;;		line 4 in file "EPWM.c"
   124 ;; Parameters:    Size  Location     Type
   125 ;;		None
   126 ;; Auto vars:     Size  Location     Type
   127 ;;		None
   128 ;; Return value:  Size  Location     Type
   129 ;;                  1    wreg      void 
   130 ;; Registers used:
   131 ;;		wreg, status,2
   132 ;; Tracked objects:
   133 ;;		On entry : 0/0
   134 ;;		On exit  : 0/0
   135 ;;		Unchanged: 0/0
   136 ;; Data sizes:     COMRAM   BANK0   BANK1   BANK2   BANK3   BANK4   BANK5   BANK6   BANK7
   137 ;;      Params:         0       0       0       0       0       0       0       0       0
   138 ;;      Locals:         0       0       0       0       0       0       0       0       0
   139 ;;      Temps:          0       0       0       0       0       0       0       0       0
   140 ;;      Totals:         0       0       0       0       0       0       0       0       0
   141 ;;Total ram usage:        0 bytes
   142 ;; Hardware stack levels used:    1
   143 ;; This function calls:
   144 ;;		Nothing
   145 ;; This function is called by:
   146 ;;		_main
   147 ;; This function uses a non-reentrant model
   148 ;;
   149                           
   150                           	psect	text1
   151  007FCE                     __ptext1:
   152                           	opt callstack 0
   153  007FCE                     _EPWM_Init:
   154                           	opt callstack 30
   155  007FCE                     
   156                           ;EPWM.c: 6:     TRISCbits.RC2 = 0;
   157  007FCE  9494               	bcf	148,2,c	;volatile
   158                           
   159                           ;EPWM.c: 7:     TRISDbits.RD5 = 0;
   160  007FD0  9A95               	bcf	149,5,c	;volatile
   161                           
   162                           ;EPWM.c: 8:     TRISDbits.RD6 = 0;
   163  007FD2  9C95               	bcf	149,6,c	;volatile
   164                           
   165                           ;EPWM.c: 9:     TRISDbits.RD7 = 0;
   166  007FD4  9E95               	bcf	149,7,c	;volatile
   167  007FD6                     
   168                           ;EPWM.c: 10:     T2CONbits.T2CKPS = 0x01;
   169  007FD6  50CA               	movf	202,w,c	;volatile
   170  007FD8  0BFC               	andlw	-4
   171  007FDA  0901               	iorlw	1
   172  007FDC  6ECA               	movwf	202,c	;volatile
   173                           
   174                           ;EPWM.c: 11:     PR2 = 249;
   175  007FDE  0EF9               	movlw	249
   176  007FE0  6ECB               	movwf	203,c	;volatile
   177                           
   178                           ;EPWM.c: 12:     CCP1CONbits.P1M = 0x01;
   179  007FE2  50BD               	movf	189,w,c	;volatile
   180  007FE4  0B3F               	andlw	-193
   181  007FE6  0940               	iorlw	64
   182  007FE8  6EBD               	movwf	189,c	;volatile
   183                           
   184                           ;EPWM.c: 13:     CCP1CONbits.CCP1M = 0x0C;
   185  007FEA  50BD               	movf	189,w,c	;volatile
   186  007FEC  0BF0               	andlw	-16
   187  007FEE  090C               	iorlw	12
   188  007FF0  6EBD               	movwf	189,c	;volatile
   189                           
   190                           ;EPWM.c: 15:     CCPR1L = 0x4B;
   191  007FF2  0E4B               	movlw	75
   192  007FF4  6EBE               	movwf	190,c	;volatile
   193                           
   194                           ;EPWM.c: 16:     CCP1CONbits.DC1B = 0x00;
   195  007FF6  0ECF               	movlw	-49
   196  007FF8  16BD               	andwf	189,f,c	;volatile
   197  007FFA                     
   198                           ;EPWM.c: 17:     PIR1bits.TMR2IF = 0;
   199  007FFA  929E               	bcf	158,1,c	;volatile
   200  007FFC                     
   201                           ;EPWM.c: 18:     T2CONbits.TMR2ON = 1;
   202  007FFC  84CA               	bsf	202,2,c	;volatile
   203  007FFE  0012               	return		;funcret
   204  008000                     __end_of_EPWM_Init:
   205                           	opt callstack 0
   206  0000                     
   207                           	psect	rparam
   208  0000                     tosu	equ	0xFFF
   209                           tosh	equ	0xFFE
   210                           tosl	equ	0xFFD
   211                           stkptr	equ	0xFFC
   212                           pclatu	equ	0xFFB
   213                           pclath	equ	0xFFA
   214                           pcl	equ	0xFF9
   215                           tblptru	equ	0xFF8
   216                           tblptrh	equ	0xFF7
   217                           tblptrl	equ	0xFF6
   218                           tablat	equ	0xFF5
   219                           prodh	equ	0xFF4
   220                           prodl	equ	0xFF3
   221                           indf0	equ	0xFEF
   222                           postinc0	equ	0xFEE
   223                           postdec0	equ	0xFED
   224                           preinc0	equ	0xFEC
   225                           plusw0	equ	0xFEB
   226                           fsr0h	equ	0xFEA
   227                           fsr0l	equ	0xFE9
   228                           wreg	equ	0xFE8
   229                           indf1	equ	0xFE7
   230                           postinc1	equ	0xFE6
   231                           postdec1	equ	0xFE5
   232                           preinc1	equ	0xFE4
   233                           plusw1	equ	0xFE3
   234                           fsr1h	equ	0xFE2
   235                           fsr1l	equ	0xFE1
   236                           bsr	equ	0xFE0
   237                           indf2	equ	0xFDF
   238                           postinc2	equ	0xFDE
   239                           postdec2	equ	0xFDD
   240                           preinc2	equ	0xFDC
   241                           plusw2	equ	0xFDB
   242                           fsr2h	equ	0xFDA
   243                           fsr2l	equ	0xFD9
   244                           status	equ	0xFD8


Data Sizes:
    Strings     0
    Constant    0
    Data        0
    BSS         0
    Persistent  0
    Stack       0

Auto Spaces:
    Space          Size  Autos    Used
    COMRAM           95      0       0
    BANK0           160      0       0
    BANK1           256      0       0
    BANK2           256      0       0
    BANK3           256      0       0
    BANK4           256      0       0
    BANK5           256      0       0
    BANK6           256      0       0
    BANK7           256      0       0

Pointer List with Targets:

    None.

Critical Paths under _main in COMRAM

    None.

Critical Paths under _main in BANK0

    None.

Critical Paths under _main in BANK1

    None.

Critical Paths under _main in BANK2

    None.

Critical Paths under _main in BANK3

    None.

Critical Paths under _main in BANK4

    None.

Critical Paths under _main in BANK5

    None.

Critical Paths under _main in BANK6

    None.

Critical Paths under _main in BANK7

    None.

Call Graph Tables:

 ---------------------------------------------------------------------------------
 (Depth) Function   	        Calls       Base Space   Used Autos Params    Refs
 ---------------------------------------------------------------------------------
 (0) _main                                                 0     0      0       0
                          _EPWM_Init
 ---------------------------------------------------------------------------------
 (1) _EPWM_Init                                            0     0      0       0
 ---------------------------------------------------------------------------------
 Estimated maximum stack depth 1
 ---------------------------------------------------------------------------------

 Call Graph Graphs:

 _main (ROOT)
   _EPWM_Init

 Address spaces:
Name               Size   Autos  Total    Cost      Usage
BITCOMRAM           5F      0       0       0        0.0%
EEDATA             100      0       0       0        0.0%
NULL                 0      0       0       0        0.0%
CODE                 0      0       0       0        0.0%
COMRAM              5F      0       0       1        0.0%
STACK                0      0       0       2        0.0%
DATA                 0      0       0       3        0.0%
BITBANK0            A0      0       0       4        0.0%
BANK0               A0      0       0       5        0.0%
BITBANK1           100      0       0       6        0.0%
BANK1              100      0       0       7        0.0%
BITBANK2           100      0       0       8        0.0%
BANK2              100      0       0       9        0.0%
BITBANK3           100      0       0      10        0.0%
BANK3              100      0       0      11        0.0%
BITBANK4           100      0       0      12        0.0%
BANK4              100      0       0      13        0.0%
BITBANK5           100      0       0      14        0.0%
BANK5              100      0       0      15        0.0%
BITBANK6           100      0       0      16        0.0%
BANK6              100      0       0      17        0.0%
BITBANK7           100      0       0      18        0.0%
BANK7              100      0       0      19        0.0%
ABS                  0      0       0      20        0.0%
BIGRAM             7FF      0       0      21        0.0%
BITSFR               0      0       0     200        0.0%
SFR                  0      0       0     200        0.0%


Microchip Technology PIC18 Macro Assembler V2.10 build 88905656 
Symbol Table                                                                                   Sun Jun 14 18:11:47 2020

                      l7 7FC6                        l8 7FC6                       l27 7FFE  
            __CFG_BOR$ON 000000              __CFG_BORV$3 000000             __CFG_CP0$OFF 000000  
           __CFG_CP1$OFF 000000             __CFG_CP2$OFF 000000             __CFG_CP3$OFF 000000  
                    l703 7FCE                      l711 7FC2                      l705 7FD6  
                    l707 7FFA                      l709 7FFC             __CFG_CPB$OFF 000000  
                    _PR2 000FCB             __CFG_CPD$OFF 000000             __CFG_LVP$OFF 000000  
           __CFG_WDT$OFF 000000                     _main 7FC2                     start 0000  
          __CFG_IESO$OFF 000000       __size_of_EPWM_Init 0032            __CFG_MCLRE$ON 000000  
           ___param_bank 000000            __CFG_PLLDIV$1 000000           __CFG_CCP2MX$ON 000000  
                  ?_main 0000            __CFG_USBDIV$1 000000            __CFG_PWRT$OFF 000000  
          __CFG_WRT0$OFF 000000            __CFG_WRT1$OFF 000000            __CFG_WRT2$OFF 000000  
          __CFG_WRT3$OFF 000000           __CFG_EBTR0$OFF 000000           __CFG_FCMEN$OFF 000000  
         __CFG_EBTR1$OFF 000000           __CFG_EBTR2$OFF 000000           __CFG_EBTR3$OFF 000000  
          __CFG_WRTB$OFF 000000            __CFG_WRTC$OFF 000000            __CFG_WRTD$OFF 000000  
         __CFG_EBTRB$OFF 000000           __CFG_ICPRT$OFF 000000          __initialization 7FBC  
           __end_of_main 7FCE                   ??_main 0000            __activetblptr 000000  
      __end_of_EPWM_Init 8000                   _CCPR1L 000FBE           __CFG_XINST$OFF 000000  
         __CFG_STVREN$ON 000000               __accesstop 0060  __end_of__initialization 7FBC  
        __CFG_PBADEN$OFF 000000          __CFG_FOSC$XT_XT 000000            ___rparam_used 000001  
         __pcstackCOMRAM 0000          __CFG_VREGEN$OFF 000000                  __Hparam 0000  
                __Lparam 0000                  __pcinit 7FBC                  __ramtop 0800  
                __ptext0 7FC2                  __ptext1 7FCE                _T2CONbits 000FCA  
   end_of_initialization 7FBC                _EPWM_Init 7FCE                _TRISCbits 000F94  
              _TRISDbits 000F95               ?_EPWM_Init 0000              _CCP1CONbits 000FBD  
    start_initialization 7FBC         __CFG_LPT1OSC$OFF 000000              ??_EPWM_Init 0000  
               _PIR1bits 000F9E         __CFG_WDTPS$32768 000000                 __Hrparam 0000  
               __Lrparam 0000            __size_of_main 000C    __CFG_CPUDIV$OSC1_PLL2 000000  
