

Microchip MPLAB XC8 Assembler V2.05 build -831301201 
                                                                                               Tue Jun 02 21:24:28 2020

Microchip MPLAB XC8 C Compiler v2.05 (Free license) build 20181220022703 Og1 
     1                           	processor	18F4550
     2                           	fnconf	rparam,??,?,0
     3                           	opt	pw 120
     4                           	opt	flic
     5                           	psect	cinit,global,reloc=2,class=CODE,delta=1
     6                           	psect	bssCOMRAM,global,class=COMRAM,space=1,delta=1,noexec
     7                           	psect	cstackCOMRAM,global,class=COMRAM,space=1,delta=1,noexec
     8                           	psect	text0,global,reloc=2,class=CODE,delta=1
     9                           	psect	intcode,global,reloc=2,class=CODE,delta=1
    10                           	psect	intcode_body,global,reloc=2,class=CODE,delta=1
    11                           	psect	intsave_regs,global,class=BIGRAM,space=1,delta=1,noexec
    12                           	psect	rparam,global,class=COMRAM,space=1,delta=1,noexec
    13                           	psect	temp,global,ovrld,common,class=COMRAM,space=1,delta=1
    14  0000                     
    15                           ; Version 2.05
    16                           ; Generated 20/12/2018 GMT
    17                           ; 
    18                           ; Copyright © 2018, Microchip Technology Inc. and its subsidiaries ("Microchip")
    19                           ; All rights reserved.
    20                           ; 
    21                           ; This software is developed by Microchip Technology Inc. and its subsidiaries ("Microch
      +                          ip").
    22                           ; 
    23                           ; Redistribution and use in source and binary forms, with or without modification, are
    24                           ; permitted provided that the following conditions are met:
    25                           ; 
    26                           ;     1. Redistributions of source code must retain the above copyright notice, this lis
      +                          t of
    27                           ;        conditions and the following disclaimer.
    28                           ; 
    29                           ;     2. Redistributions in binary form must reproduce the above copyright notice, this 
      +                          list
    30                           ;        of conditions and the following disclaimer in the documentation and/or other
    31                           ;        materials provided with the distribution.
    32                           ; 
    33                           ;     3. Microchip's name may not be used to endorse or promote products derived from th
      +                          is
    34                           ;        software without specific prior written permission.
    35                           ; 
    36                           ; THIS SOFTWARE IS PROVIDED BY MICROCHIP "AS IS" AND ANY EXPRESS OR IMPLIED WARRANTIES,
    37                           ; INCLUDING, BUT NOT LIMITED TO, THE IMPLIED WARRANTIES OF MERCHANTABILITY AND FITNESS F
      +                          OR
    38                           ; PURPOSE ARE DISCLAIMED.  IN NO EVENT SHALL MICROCHIP BE LIABLE FOR ANY DIRECT, INDIREC
      +                          T,
    39                           ; INCIDENTAL, SPECIAL, EXEMPLARY, OR CONSEQUENTIAL DAMAGES (INCLUDING BUT NOT LIMITED TO
    40                           ; PROCUREMENT OF SUBSTITUTE GOODS OR SERVICES; LOSS OF USE, DATA OR PROFITS; OR BUSINESS
    41                           ; INTERRUPTION) HOWSOEVER CAUSED AND ON ANY THEORY OF LIABILITY, WHETHER IN CONTRACT, ST
      +                          RICT
    42                           ; LIABILITY, OR TORT (INCLUDING NEGLIGENCE OR OTHERWISE) ARISING IN ANY WAY OUT OF THE U
      +                          SE OF
    43                           ; THIS SOFTWARE, EVEN IF ADVISED OF THE POSSIBILITY OF SUCH DAMAGE.
    44                           ; 
    45                           ; 
    46                           ; Code-generator required, PIC18F4550 Definitions
    47                           ; 
    48                           ; SFR Addresses
    49  0000                     _LATCbits	set	3979
    50  0000                     _T0CONbits	set	4053
    51  0000                     _CMCONbits	set	4020
    52  0000                     _INTCON2bits	set	4081
    53  0000                     _INTCONbits	set	4082
    54  0000                     _TRISD	set	3989
    55  0000                     _TRISC	set	3988
    56  0000                     _TRISB	set	3987
    57                           
    58                           ; #config settings
    59  0000                     
    60                           	psect	cinit
    61  000074                     __pcinit:
    62                           	opt callstack 0
    63  000074                     start_initialization:
    64                           	opt callstack 0
    65  000074                     __initialization:
    66                           	opt callstack 0
    67                           
    68                           ; Clear objects allocated to COMRAM (1 bytes)
    69  000074  6A01               	clrf	__pbssCOMRAM& (0+255),c
    70  000076                     end_of_initialization:
    71                           	opt callstack 0
    72  000076                     __end_of__initialization:
    73                           	opt callstack 0
    74  000076  9003               	bcf	int$flags,0,c	;clear compiler interrupt flag (level 1)
    75  000078  9203               	bcf	int$flags,1,c	;clear compiler interrupt flag (level 2)
    76  00007A  0100               	movlb	0
    77  00007C  EF09  F000         	goto	_main	;jump to C main() function
    78                           
    79                           	psect	bssCOMRAM
    80  000001                     __pbssCOMRAM:
    81                           	opt callstack 0
    82  000001                     _state:
    83                           	opt callstack 0
    84  000001                     	ds	1
    85                           
    86                           	psect	cstackCOMRAM
    87  000002                     __pcstackCOMRAM:
    88                           	opt callstack 0
    89  000002                     ??_main:
    90  000002                     
    91                           ; 1 bytes @ 0x0
    92  000002                     	ds	1
    93                           
    94 ;;
    95 ;;Main: autosize = 0, tempsize = 1, incstack = 0, save=0
    96 ;;
    97 ;; *************** function _main *****************
    98 ;; Defined at:
    99 ;;		line 11 in file "Main.c"
   100 ;; Parameters:    Size  Location     Type
   101 ;;		None
   102 ;; Auto vars:     Size  Location     Type
   103 ;;		None
   104 ;; Return value:  Size  Location     Type
   105 ;;                  1    wreg      void 
   106 ;; Registers used:
   107 ;;		wreg, status,2, status,0
   108 ;; Tracked objects:
   109 ;;		On entry : 0/0
   110 ;;		On exit  : 0/0
   111 ;;		Unchanged: 0/0
   112 ;; Data sizes:     COMRAM   BANK0   BANK1   BANK2   BANK3   BANK4   BANK5   BANK6   BANK7
   113 ;;      Params:         0       0       0       0       0       0       0       0       0
   114 ;;      Locals:         0       0       0       0       0       0       0       0       0
   115 ;;      Temps:          1       0       0       0       0       0       0       0       0
   116 ;;      Totals:         1       0       0       0       0       0       0       0       0
   117 ;;Total ram usage:        1 bytes
   118 ;; Hardware stack levels required when called:    1
   119 ;; This function calls:
   120 ;;		Nothing
   121 ;; This function is called by:
   122 ;;		Startup code after reset
   123 ;; This function uses a non-reentrant model
   124 ;;
   125                           
   126                           	psect	text0
   127  000012                     __ptext0:
   128                           	opt callstack 0
   129  000012                     _main:
   130                           	opt callstack 30
   131                           
   132                           ;Main.c: 12:     TRISB = 0xFF;
   133                           
   134                           ;incstack = 0
   135  000012  6893               	setf	3987,c	;volatile
   136                           
   137                           ;Main.c: 13:     TRISC =0xFE;
   138  000014  0EFE               	movlw	254
   139  000016  6E94               	movwf	3988,c	;volatile
   140                           
   141                           ;Main.c: 14:     TRISD = 0xFF;
   142  000018  6895               	setf	3989,c	;volatile
   143                           
   144                           ;Main.c: 15:     INTCONbits.GIE = 1;
   145  00001A  8EF2               	bsf	4082,7,c	;volatile
   146                           
   147                           ;Main.c: 16:     INTCONbits.PEIE = 0;
   148  00001C  9CF2               	bcf	4082,6,c	;volatile
   149                           
   150                           ;Main.c: 17:     INTCON2bits.INTEDG0 = 0;
   151  00001E  9CF1               	bcf	4081,6,c	;volatile
   152                           
   153                           ;Main.c: 18:     INTCONbits.INT0IE = 1;
   154  000020  88F2               	bsf	4082,4,c	;volatile
   155                           
   156                           ;Main.c: 19:     INTCONbits.INT0IF = 0;
   157  000022  92F2               	bcf	4082,1,c	;volatile
   158                           
   159                           ;Main.c: 20:     CMCONbits.CM = 0x07;
   160  000024  0E07               	movlw	7
   161  000026  12B4               	iorwf	4020,f,c	;volatile
   162                           
   163                           ;Main.c: 21:     T0CONbits.TMR0ON = 0;
   164  000028  9ED5               	bcf	4053,7,c	;volatile
   165                           
   166                           ;Main.c: 22:     INTCON2bits.RBPU = 1;
   167  00002A  8EF1               	bsf	4081,7,c	;volatile
   168  00002C                     l731:
   169                           
   170                           ;Main.c: 26:         LATCbits.LATC0 = !LATCbits.LATC0;
   171  00002C  B08B               	btfsc	3979,0,c	;volatile
   172  00002E  D003               	goto	u10
   173  000030  6A02               	clrf	??_main& (0+255),c
   174  000032  2A02               	incf	??_main& (0+255),f,c
   175  000034  D001               	goto	u28
   176  000036                     u10:
   177  000036  6A02               	clrf	??_main& (0+255),c
   178  000038                     u28:
   179  000038  508B               	movf	3979,w,c	;volatile
   180  00003A  1802               	xorwf	??_main,w,c
   181  00003C  0BFE               	andlw	-2
   182  00003E  1802               	xorwf	??_main,w,c
   183  000040  6E8B               	movwf	3979,c	;volatile
   184                           
   185                           ;Main.c: 27:         _delay((unsigned long)((100)*(4E6/4000.0)));
   186  000042  0E82               	movlw	130
   187  000044  6E02               	movwf	??_main& (0+255),c
   188  000046  0EDE               	movlw	222
   189  000048                     u77:
   190  000048  2EE8               	decfsz	wreg,f,c
   191  00004A  D7FE               	bra	u77
   192  00004C  2E02               	decfsz	??_main& (0+255),f,c
   193  00004E  D7FC               	bra	u77
   194                           
   195                           ;Main.c: 28:         if(state == 1){
   196  000050  0401               	decf	_state,w,c
   197  000052  A4D8               	btfss	status,2,c
   198  000054  D7EB               	goto	l731
   199  000056  0003               	sleep		;# 
   200  000058  D7E9               	goto	l731
   201  00005A                     __end_of_main:
   202                           	opt callstack 0
   203                           
   204 ;; *************** function _sleep *****************
   205 ;; Defined at:
   206 ;;		line 35 in file "Main.c"
   207 ;; Parameters:    Size  Location     Type
   208 ;;		None
   209 ;; Auto vars:     Size  Location     Type
   210 ;;		None
   211 ;; Return value:  Size  Location     Type
   212 ;;                  1    wreg      void 
   213 ;; Registers used:
   214 ;;		wreg, status,2
   215 ;; Tracked objects:
   216 ;;		On entry : 0/0
   217 ;;		On exit  : 0/0
   218 ;;		Unchanged: 0/0
   219 ;; Data sizes:     COMRAM   BANK0   BANK1   BANK2   BANK3   BANK4   BANK5   BANK6   BANK7
   220 ;;      Params:         0       0       0       0       0       0       0       0       0
   221 ;;      Locals:         0       0       0       0       0       0       0       0       0
   222 ;;      Temps:          0       0       0       0       0       0       0       0       0
   223 ;;      Totals:         0       0       0       0       0       0       0       0       0
   224 ;;Total ram usage:        0 bytes
   225 ;; Hardware stack levels used:    1
   226 ;; This function calls:
   227 ;;		Nothing
   228 ;; This function is called by:
   229 ;;		Interrupt level 2
   230 ;; This function uses a non-reentrant model
   231 ;;
   232                           
   233                           	psect	intcode
   234  000008                     __pintcode:
   235                           	opt callstack 0
   236  000008                     _sleep:
   237                           	opt callstack 30
   238                           
   239                           ;incstack = 0
   240  000008  8203               	bsf	btemp,1,c	;set compiler interrupt flag (level 2)
   241  00000A  ED2D  F000         	call	int_func,f	;refresh shadow registers
   242                           
   243                           	psect	intcode_body
   244  00005A                     __pintcode_body:
   245                           	opt callstack 30
   246  00005A                     int_func:
   247                           	opt callstack 30
   248  00005A  0006               	pop		; remove dummy address from shadow register refresh
   249                           
   250                           ;Main.c: 36:     if(INTCONbits.INT0IF == 1){
   251  00005C  A2F2               	btfss	4082,1,c	;volatile
   252  00005E  D008               	goto	i2l35
   253                           
   254                           ;Main.c: 37:         state = !state;
   255  000060  5001               	movf	_state,w,c
   256  000062  A4D8               	btfss	status,2,c
   257  000064  D002               	goto	i2u5_40
   258  000066  0E01               	movlw	1
   259  000068  D001               	goto	i2u6_40
   260  00006A                     i2u5_40:
   261  00006A  0E00               	movlw	0
   262  00006C                     i2u6_40:
   263  00006C  6E01               	movwf	_state,c
   264                           
   265                           ;Main.c: 38:         INTCONbits.INT0IF = 0;
   266  00006E  92F2               	bcf	4082,1,c	;volatile
   267  000070                     i2l35:
   268  000070  9203               	bcf	btemp,1,c	;clear compiler interrupt flag (level 2)
   269  000072  0011               	retfie		f
   270  000074                     __end_of_sleep:
   271                           	opt callstack 0
   272  0000                     
   273                           	psect	rparam
   274  0000                     
   275                           	psect	temp
   276  000003                     btemp:
   277                           	opt callstack 0
   278  000003                     	ds	1
   279  0000                     int$flags	set	btemp
   280  0000                     wtemp8	set	btemp+1
   281  0000                     ttemp5	set	btemp+1
   282  0000                     ttemp6	set	btemp+4
   283  0000                     ttemp7	set	btemp+8
   284                           tosu	equ	0xFFF
   285                           tosh	equ	0xFFE
   286                           tosl	equ	0xFFD
   287                           stkptr	equ	0xFFC
   288                           pclatu	equ	0xFFB
   289                           pclath	equ	0xFFA
   290                           pcl	equ	0xFF9
   291                           tblptru	equ	0xFF8
   292                           tblptrh	equ	0xFF7
   293                           tblptrl	equ	0xFF6
   294                           tablat	equ	0xFF5
   295                           prodh	equ	0xFF4
   296                           prodl	equ	0xFF3
   297                           indf0	equ	0xFEF
   298                           postinc0	equ	0xFEE
   299                           postdec0	equ	0xFED
   300                           preinc0	equ	0xFEC
   301                           plusw0	equ	0xFEB
   302                           fsr0h	equ	0xFEA
   303                           fsr0l	equ	0xFE9
   304                           wreg	equ	0xFE8
   305                           indf1	equ	0xFE7
   306                           postinc1	equ	0xFE6
   307                           postdec1	equ	0xFE5
   308                           preinc1	equ	0xFE4
   309                           plusw1	equ	0xFE3
   310                           fsr1h	equ	0xFE2
   311                           fsr1l	equ	0xFE1
   312                           bsr	equ	0xFE0
   313                           indf2	equ	0xFDF
   314                           postinc2	equ	0xFDE
   315                           postdec2	equ	0xFDD
   316                           preinc2	equ	0xFDC
   317                           plusw2	equ	0xFDB
   318                           fsr2h	equ	0xFDA
   319                           fsr2l	equ	0xFD9
   320                           status	equ	0xFD8


Data Sizes:
    Strings     0
    Constant    0
    Data        0
    BSS         1
    Persistent  0
    Stack       0

Auto Spaces:
    Space          Size  Autos    Used
    COMRAM           94      1       2
    BANK0           160      0       0
    BANK1           256      0       0
    BANK2           256      0       0
    BANK3           256      0       0
    BANK4           256      0       0
    BANK5           256      0       0
    BANK6           256      0       0
    BANK7           256      0       0

Pointer List with Targets:

    None.

Critical Paths under _main in COMRAM

    None.

Critical Paths under _sleep in COMRAM

    None.

Critical Paths under _main in BANK0

    None.

Critical Paths under _sleep in BANK0

    None.

Critical Paths under _main in BANK1

    None.

Critical Paths under _sleep in BANK1

    None.

Critical Paths under _main in BANK2

    None.

Critical Paths under _sleep in BANK2

    None.

Critical Paths under _main in BANK3

    None.

Critical Paths under _sleep in BANK3

    None.

Critical Paths under _main in BANK4

    None.

Critical Paths under _sleep in BANK4

    None.

Critical Paths under _main in BANK5

    None.

Critical Paths under _sleep in BANK5

    None.

Critical Paths under _main in BANK6

    None.

Critical Paths under _sleep in BANK6

    None.

Critical Paths under _main in BANK7

    None.

Critical Paths under _sleep in BANK7

    None.

Call Graph Tables:

 ---------------------------------------------------------------------------------
 (Depth) Function   	        Calls       Base Space   Used Autos Params    Refs
 ---------------------------------------------------------------------------------
 (0) _main                                                 1     1      0       0
                                              0 COMRAM     1     1      0
 ---------------------------------------------------------------------------------
 Estimated maximum stack depth 0
 ---------------------------------------------------------------------------------
 (Depth) Function   	        Calls       Base Space   Used Autos Params    Refs
 ---------------------------------------------------------------------------------
 (1) _sleep                                                0     0      0       0
 ---------------------------------------------------------------------------------
 Estimated maximum stack depth 1
 ---------------------------------------------------------------------------------

 Call Graph Graphs:

 _main (ROOT)

 _sleep (ROOT)

 Address spaces:
Name               Size   Autos  Total    Cost      Usage
BIGRAM             7FF      0       0      21        0.0%
EEDATA             100      0       0       0        0.0%
BITBANK7           100      0       0      18        0.0%
BANK7              100      0       0      19        0.0%
BITBANK6           100      0       0      16        0.0%
BANK6              100      0       0      17        0.0%
BITBANK5           100      0       0      14        0.0%
BANK5              100      0       0      15        0.0%
BITBANK4           100      0       0      12        0.0%
BANK4              100      0       0      13        0.0%
BITBANK3           100      0       0      10        0.0%
BANK3              100      0       0      11        0.0%
BITBANK2           100      0       0       8        0.0%
BANK2              100      0       0       9        0.0%
BITBANK1           100      0       0       6        0.0%
BANK1              100      0       0       7        0.0%
BITBANK0            A0      0       0       4        0.0%
BANK0               A0      0       0       5        0.0%
BITCOMRAM           5E      0       0       0        0.0%
COMRAM              5E      1       2       1        2.1%
BITSFR               0      0       0     200        0.0%
SFR                  0      0       0     200        0.0%
STACK                0      0       0       2        0.0%
NULL                 0      0       0       0        0.0%
ABS                  0      0       2      20        0.0%
DATA                 0      0       2       3        0.0%
CODE                 0      0       0       0        0.0%


Microchip Technology PIC18 Macro Assembler V2.05 build -831301201 
Symbol Table                                                                                   Tue Jun 02 21:24:28 2020

                     u10 0036                       u28 0038                       u77 0048  
            __CFG_BORV$3 000000             __CFG_CP0$OFF 000000             __CFG_CP1$OFF 000000  
           __CFG_CP2$OFF 000000             __CFG_CP3$OFF 000000                      l731 002C  
           __CFG_CPB$OFF 000000             __CFG_CPD$OFF 000000             __CFG_BOR$OFF 000000  
                    wreg 000FE8             __CFG_LVP$OFF 000000             __CFG_WDT$OFF 000000  
                   i2l35 0070                     _main 0012                     btemp 0003  
                   start 000E            __CFG_IESO$OFF 000000             ___param_bank 000000  
          __CFG_PLLDIV$1 000000           __CFG_CCP2MX$ON 000000                    ?_main 0002  
          __CFG_USBDIV$1 000000                    _TRISB 000F93                    _TRISC 000F94  
                  _TRISD 000F95            __CFG_PWRT$OFF 000000            __CFG_WRT0$OFF 000000  
          __CFG_WRT1$OFF 000000            __CFG_WRT2$OFF 000000            __CFG_WRT3$OFF 000000  
         __CFG_EBTR0$OFF 000000           __CFG_FCMEN$OFF 000000           __CFG_EBTR1$OFF 000000  
         __CFG_EBTR2$OFF 000000           __CFG_EBTR3$OFF 000000            __CFG_WRTB$OFF 000000  
          __CFG_WRTC$OFF 000000            __CFG_WRTD$OFF 000000           __CFG_EBTRB$OFF 000000  
                  _sleep 0008                    _state 0001                    ttemp5 0004  
                  ttemp6 0007                    ttemp7 000B                    status 000FD8  
                  wtemp8 0004           __CFG_ICPRT$OFF 000000           __CFG_MCLRE$OFF 000000  
        __initialization 0074             __end_of_main 005A                   ??_main 0002  
          __activetblptr 000000                   ?_sleep 0002                   i2u5_40 006A  
                 i2u6_40 006C           __CFG_XINST$OFF 000000           __CFG_STVREN$ON 000000  
             __accesstop 0060  __end_of__initialization 0076          __CFG_PBADEN$OFF 000000  
        __CFG_FOSC$XT_XT 000000            ___rparam_used 000001           __pcstackCOMRAM 0002  
          __end_of_sleep 0074          __CFG_LPT1OSC$ON 000000                  ??_sleep 0002  
        __CFG_VREGEN$OFF 000000                  __Hparam 0000                  __Lparam 0000  
              _CMCONbits 000FB4                  __pcinit 0074                  __ramtop 0800  
                __ptext0 0012                _T0CONbits 000FD5           __pintcode_body 005A  
   end_of_initialization 0076                  int_func 005A      start_initialization 0074  
            __pbssCOMRAM 0001                __pintcode 0008           __size_of_sleep 006C  
               _LATCbits 000F8B         __CFG_WDTPS$32768 000000              _INTCON2bits 000FF1  
               __Hrparam 0000                 __Lrparam 0000            __size_of_main 0048  
               int$flags 0003    __CFG_CPUDIV$OSC1_PLL2 000000               _INTCONbits 000FF2  
               intlevel2 0000  
