

Microchip Technology PIC18 LITE Macro Assembler V1.34 build -361300703 
                                                                                               Fri Apr 17 01:53:29 2020

Microchip Technology Omniscient Code Generator (Lite mode) build 201502162209
     1                           	processor	18F4550
     2                           	fnconf	rparam,??,?,0
     3                           	opt	pw 120
     4                           	opt	lm
     5                           	psect	text0,global,reloc=2,class=CODE,delta=1
     6                           	psect	cinit,global,reloc=2,class=CODE,delta=1
     7                           	psect	cstackCOMRAM,global,class=COMRAM,space=1,delta=1
     8                           	psect	text1,global,reloc=2,class=CODE,delta=1
     9                           	psect	text2,global,reloc=2,class=CODE,delta=1
    10                           	psect	text3,global,reloc=2,class=CODE,delta=1
    11                           	psect	intsave_regs,global,class=BIGRAM,space=1,delta=1
    12                           	psect	rparam,global,class=COMRAM,space=1,delta=1
    13  0000                     _CCP1CON	set	4029
    14  0000                     _CCPR1L	set	4030
    15  0000                     _PR2	set	4043
    16  0000                     _T2CONbits	set	4042
    17  0000                     _TRISCbits	set	3988
    18                           
    19 ;;
    20 ;;Main: autosize = 0, tempsize = 1, incstack = 0, save=0
    21 ;;
    22 ;; *************** function _main *****************
    23 ;; Defined at:
    24 ;;		line 10 in file "Main.c"
    25 ;; Parameters:    Size  Location     Type
    26 ;;		None
    27 ;; Auto vars:     Size  Location     Type
    28 ;;  i               2    9[COMRAM] unsigned int 
    29 ;;  i               2    7[COMRAM] unsigned int 
    30 ;; Return value:  Size  Location     Type
    31 ;;		None               void
    32 ;; Registers used:
    33 ;;		wreg, status,2, status,0, cstack
    34 ;; Tracked objects:
    35 ;;		On entry : 0/0
    36 ;;		On exit  : 0/0
    37 ;;		Unchanged: 0/0
    38 ;; Data sizes:     COMRAM   BANK0   BANK1   BANK2   BANK3   BANK4   BANK5   BANK6   BANK7
    39 ;;      Params:         0       0       0       0       0       0       0       0       0
    40 ;;      Locals:         4       0       0       0       0       0       0       0       0
    41 ;;      Temps:          1       0       0       0       0       0       0       0       0
    42 ;;      Totals:         5       0       0       0       0       0       0       0       0
    43 ;;Total ram usage:        5 bytes
    44 ;; Hardware stack levels required when called:    1
    45 ;; This function calls:
    46 ;;		_OpenPWM1
    47 ;;		_SetDCPWM1
    48 ;;		_TIMER2Init
    49 ;; This function is called by:
    50 ;;		Startup code after reset
    51 ;; This function uses a non-reentrant model
    52 ;;
    53                           
    54                           	psect	text0
    55  007F74                     __ptext0:
    56                           	opt stack 0
    57  007F74                     _main:
    58                           	opt stack 30
    59                           
    60                           ;Main.c: 11: TIMER2Init();
    61                           
    62                           ;incstack = 0
    63  007F74  EC8D  F03F         	call	_TIMER2Init	;wreg free
    64                           
    65                           ;Main.c: 12: OpenPWM1(249);
    66  007F78  0EF9               	movlw	249
    67  007F7A  EC94  F03F         	call	_OpenPWM1
    68                           
    69                           ;Main.c: 13: SetDCPWM1(0);
    70  007F7E  0E00               	movlw	0
    71  007F80  6E02               	movwf	SetDCPWM1@dutycycle+1,c
    72  007F82  0E00               	movlw	0
    73  007F84  6E01               	movwf	SetDCPWM1@dutycycle,c
    74  007F86  EC9D  F03F         	call	_SetDCPWM1	;wreg free
    75  007F8A  D000               	goto	l700
    76  007F8C                     l700:
    77                           
    78                           ;Main.c: 16: for(uint16_t i = 1; i < 1000; i++){
    79  007F8C  0E00               	movlw	0
    80  007F8E  6E09               	movwf	main@i+1,c
    81  007F90  0E01               	movlw	1
    82  007F92  6E08               	movwf	main@i,c
    83  007F94                     l702:
    84  007F94  0EE8               	movlw	232
    85  007F96  5C08               	subwf	main@i,w,c
    86  007F98  0E03               	movlw	3
    87  007F9A  5809               	subwfb	main@i+1,w,c
    88  007F9C  B0D8               	btfsc	status,0,c
    89  007F9E  D012               	goto	l714
    90  007FA0  D001               	goto	l706
    91  007FA2  D010               	goto	l714
    92  007FA4                     l706:
    93                           
    94                           ;Main.c: 17: SetDCPWM1(i);
    95  007FA4  C008  F001         	movff	main@i,SetDCPWM1@dutycycle
    96  007FA8  C009  F002         	movff	main@i+1,SetDCPWM1@dutycycle+1
    97  007FAC  EC9D  F03F         	call	_SetDCPWM1	;wreg free
    98                           
    99                           ;Main.c: 18: _delay((unsigned long)((10)*(4E6/4000.0)));
   100  007FB0  0E0D               	movlw	13
   101  007FB2  6E07               	movwf	??_main& (0+255),c
   102  007FB4  0EFC               	movlw	252
   103  007FB6                     u117:
   104  007FB6  2EE8               	decfsz	wreg,f,c
   105  007FB8  D7FE               	goto	u117
   106  007FBA  2E07               	decfsz	??_main& (0+255),f,c
   107  007FBC  D7FC               	goto	u117
   108  007FBE  4A08               	infsnz	main@i,f,c
   109  007FC0  2A09               	incf	main@i+1,f,c
   110  007FC2  D7E8               	goto	l702
   111  007FC4                     l714:
   112                           
   113                           ;Main.c: 19: }
   114                           ;Main.c: 20: for(uint16_t i = 999; i >= 1; i--){
   115  007FC4  0E03               	movlw	3
   116  007FC6  6E0B               	movwf	main@i_123+1,c
   117  007FC8  0EE7               	movlw	231
   118  007FCA  6E0A               	movwf	main@i_123,c
   119  007FCC                     l716:
   120  007FCC  500A               	movf	main@i_123,w,c
   121  007FCE  100B               	iorwf	main@i_123+1,w,c
   122  007FD0  B4D8               	btfsc	status,2,c
   123  007FD2  D7DC               	goto	l700
   124  007FD4  D001               	goto	l720
   125  007FD6  D7DA               	goto	l700
   126  007FD8                     l720:
   127                           
   128                           ;Main.c: 21: SetDCPWM1(i);
   129  007FD8  C00A  F001         	movff	main@i_123,SetDCPWM1@dutycycle
   130  007FDC  C00B  F002         	movff	main@i_123+1,SetDCPWM1@dutycycle+1
   131  007FE0  EC9D  F03F         	call	_SetDCPWM1	;wreg free
   132                           
   133                           ;Main.c: 22: _delay((unsigned long)((10)*(4E6/4000.0)));
   134  007FE4  0E0D               	movlw	13
   135  007FE6  6E07               	movwf	??_main& (0+255),c
   136  007FE8  0EFC               	movlw	252
   137  007FEA                     u127:
   138  007FEA  2EE8               	decfsz	wreg,f,c
   139  007FEC  D7FE               	goto	u127
   140  007FEE  2E07               	decfsz	??_main& (0+255),f,c
   141  007FF0  D7FC               	goto	u127
   142  007FF2  060A               	decf	main@i_123,f,c
   143  007FF4  A0D8               	btfss	status,0,c
   144  007FF6  060B               	decf	main@i_123+1,f,c
   145  007FF8  D7E9               	goto	l716
   146  007FFA  D7C8               	goto	l700
   147  007FFC  EF00  F000         	goto	start
   148  008000                     __end_of_main:
   149                           	opt stack 0
   150                           wreg	equ	0xFE8
   151                           status	equ	0xFD8
   152                           
   153                           	psect	cinit
   154  007F14                     __pcinit:
   155                           	opt stack 0
   156  007F14                     start_initialization:
   157                           	opt stack 0
   158  007F14                     __initialization:
   159                           	opt stack 0
   160  007F14                     end_of_initialization:
   161                           	opt stack 0
   162  007F14                     __end_of__initialization:
   163                           	opt stack 0
   164  007F14  0100               	movlb	0
   165  007F16  EFBA  F03F         	goto	_main	;jump to C main() function
   166                           wreg	equ	0xFE8
   167                           status	equ	0xFD8
   168                           
   169                           	psect	cstackCOMRAM
   170  000001                     __pcstackCOMRAM:
   171                           	opt stack 0
   172  000001                     OpenPWM1@period:
   173                           	opt stack 0
   174  000001                     SetDCPWM1@dutycycle:
   175                           	opt stack 0
   176                           
   177                           ; 2 bytes @ 0x0
   178  000001                     	ds	2
   179  000003                     ??_SetDCPWM1:
   180                           
   181                           ; 0 bytes @ 0x2
   182  000003                     	ds	2
   183  000005                     SetDCPWM1@DCycle:
   184                           	opt stack 0
   185                           
   186                           ; 2 bytes @ 0x4
   187  000005                     	ds	2
   188  000007                     ??_main:
   189                           
   190                           ; 0 bytes @ 0x6
   191  000007                     	ds	1
   192  000008                     main@i:
   193                           	opt stack 0
   194                           
   195                           ; 2 bytes @ 0x7
   196  000008                     	ds	2
   197  00000A                     main@i_123:
   198                           	opt stack 0
   199                           
   200                           ; 2 bytes @ 0x9
   201  00000A                     	ds	2
   202                           wreg	equ	0xFE8
   203                           status	equ	0xFD8
   204                           
   205 ;; *************** function _TIMER2Init *****************
   206 ;; Defined at:
   207 ;;		line 28 in file "Main.c"
   208 ;; Parameters:    Size  Location     Type
   209 ;;		None
   210 ;; Auto vars:     Size  Location     Type
   211 ;;		None
   212 ;; Return value:  Size  Location     Type
   213 ;;		None               void
   214 ;; Registers used:
   215 ;;		wreg, status,2
   216 ;; Tracked objects:
   217 ;;		On entry : 0/0
   218 ;;		On exit  : 0/0
   219 ;;		Unchanged: 0/0
   220 ;; Data sizes:     COMRAM   BANK0   BANK1   BANK2   BANK3   BANK4   BANK5   BANK6   BANK7
   221 ;;      Params:         0       0       0       0       0       0       0       0       0
   222 ;;      Locals:         0       0       0       0       0       0       0       0       0
   223 ;;      Temps:          0       0       0       0       0       0       0       0       0
   224 ;;      Totals:         0       0       0       0       0       0       0       0       0
   225 ;;Total ram usage:        0 bytes
   226 ;; Hardware stack levels used:    1
   227 ;; This function calls:
   228 ;;		Nothing
   229 ;; This function is called by:
   230 ;;		_main
   231 ;; This function uses a non-reentrant model
   232 ;;
   233                           
   234                           	psect	text1
   235  007F1A                     __ptext1:
   236                           	opt stack 0
   237  007F1A                     _TIMER2Init:
   238                           	opt stack 30
   239                           
   240                           ;Main.c: 29: TRISCbits.TRISC2 = 0;
   241                           
   242                           ;incstack = 0
   243  007F1A  9494               	bcf	3988,2,c	;volatile
   244                           
   245                           ;Main.c: 30: T2CONbits.T2CKPS = 0x01;
   246  007F1C  50CA               	movf	4042,w,c	;volatile
   247  007F1E  0BFC               	andlw	-4
   248  007F20  0901               	iorlw	1
   249  007F22  6ECA               	movwf	4042,c	;volatile
   250                           
   251                           ;Main.c: 31: T2CONbits.TMR2ON = 1;
   252  007F24  84CA               	bsf	4042,2,c	;volatile
   253  007F26  0012               	return		;funcret
   254  007F28                     __end_of_TIMER2Init:
   255                           	opt stack 0
   256                           wreg	equ	0xFE8
   257                           status	equ	0xFD8
   258                           
   259 ;; *************** function _SetDCPWM1 *****************
   260 ;; Defined at:
   261 ;;		line 7 in file "C:\Program Files (x86)\Microchip\xc8\v1.34\sources\pic18\plib\PWM\pw1setdc.c"
   262 ;; Parameters:    Size  Location     Type
   263 ;;  dutycycle       2    0[COMRAM] unsigned int 
   264 ;; Auto vars:     Size  Location     Type
   265 ;;  DCycle          2    4[COMRAM] struct PWMDC
   266 ;; Return value:  Size  Location     Type
   267 ;;		None               void
   268 ;; Registers used:
   269 ;;		wreg, status,2, status,0
   270 ;; Tracked objects:
   271 ;;		On entry : 0/0
   272 ;;		On exit  : 0/0
   273 ;;		Unchanged: 0/0
   274 ;; Data sizes:     COMRAM   BANK0   BANK1   BANK2   BANK3   BANK4   BANK5   BANK6   BANK7
   275 ;;      Params:         2       0       0       0       0       0       0       0       0
   276 ;;      Locals:         2       0       0       0       0       0       0       0       0
   277 ;;      Temps:          2       0       0       0       0       0       0       0       0
   278 ;;      Totals:         6       0       0       0       0       0       0       0       0
   279 ;;Total ram usage:        6 bytes
   280 ;; Hardware stack levels used:    1
   281 ;; This function calls:
   282 ;;		Nothing
   283 ;; This function is called by:
   284 ;;		_main
   285 ;; This function uses a non-reentrant model
   286 ;;
   287                           
   288                           	psect	text2
   289  007F3A                     __ptext2:
   290                           	opt stack 0
   291  007F3A                     _SetDCPWM1:
   292                           	opt stack 30
   293                           
   294                           ;incstack = 0
   295  007F3A  C001  F003         	movff	SetDCPWM1@dutycycle,??_SetDCPWM1
   296  007F3E  C002  F004         	movff	SetDCPWM1@dutycycle+1,??_SetDCPWM1+1
   297  007F42  0E06               	movlw	6
   298  007F44                     u65:
   299  007F44  90D8               	bcf	status,0,c
   300  007F46  3603               	rlcf	??_SetDCPWM1,f,c
   301  007F48  3604               	rlcf	??_SetDCPWM1+1,f,c
   302  007F4A  2EE8               	decfsz	wreg,f,c
   303  007F4C  D7FB               	goto	u65
   304  007F4E  C003  F005         	movff	??_SetDCPWM1,SetDCPWM1@DCycle
   305  007F52  C004  F006         	movff	??_SetDCPWM1+1,SetDCPWM1@DCycle+1
   306  007F56  C006  FFBE         	movff	SetDCPWM1@DCycle+1,4030	;volatile
   307  007F5A  C005  F003         	movff	SetDCPWM1@DCycle,??_SetDCPWM1
   308  007F5E  90D8               	bcf	status,0,c
   309  007F60  3203               	rrcf	??_SetDCPWM1,f,c
   310  007F62  90D8               	bcf	status,0,c
   311  007F64  3203               	rrcf	??_SetDCPWM1,f,c
   312  007F66  0E30               	movlw	48
   313  007F68  1603               	andwf	??_SetDCPWM1,f,c
   314  007F6A  50BD               	movf	4029,w,c	;volatile
   315  007F6C  0BCF               	andlw	207
   316  007F6E  1003               	iorwf	??_SetDCPWM1,w,c
   317  007F70  6EBD               	movwf	4029,c	;volatile
   318  007F72  0012               	return		;funcret
   319  007F74                     __end_of_SetDCPWM1:
   320                           	opt stack 0
   321                           wreg	equ	0xFE8
   322                           status	equ	0xFD8
   323                           
   324 ;; *************** function _OpenPWM1 *****************
   325 ;; Defined at:
   326 ;;		line 8 in file "C:\Program Files (x86)\Microchip\xc8\v1.34\sources\pic18\plib\PWM\pw1open.c"
   327 ;; Parameters:    Size  Location     Type
   328 ;;  period          1    wreg     unsigned char 
   329 ;; Auto vars:     Size  Location     Type
   330 ;;  period          1    0[COMRAM] unsigned char 
   331 ;; Return value:  Size  Location     Type
   332 ;;		None               void
   333 ;; Registers used:
   334 ;;		wreg, status,2, status,0
   335 ;; Tracked objects:
   336 ;;		On entry : 0/0
   337 ;;		On exit  : 0/0
   338 ;;		Unchanged: 0/0
   339 ;; Data sizes:     COMRAM   BANK0   BANK1   BANK2   BANK3   BANK4   BANK5   BANK6   BANK7
   340 ;;      Params:         0       0       0       0       0       0       0       0       0
   341 ;;      Locals:         1       0       0       0       0       0       0       0       0
   342 ;;      Temps:          0       0       0       0       0       0       0       0       0
   343 ;;      Totals:         1       0       0       0       0       0       0       0       0
   344 ;;Total ram usage:        1 bytes
   345 ;; Hardware stack levels used:    1
   346 ;; This function calls:
   347 ;;		Nothing
   348 ;; This function is called by:
   349 ;;		_main
   350 ;; This function uses a non-reentrant model
   351 ;;
   352                           
   353                           	psect	text3
   354  007F28                     __ptext3:
   355                           	opt stack 0
   356  007F28                     _OpenPWM1:
   357                           	opt stack 30
   358                           
   359                           ;incstack = 0
   360                           ;OpenPWM1@period stored from wreg
   361  007F28  6E01               	movwf	OpenPWM1@period,c
   362  007F2A  0E0C               	movlw	12
   363  007F2C  12BD               	iorwf	4029,f,c	;volatile
   364  007F2E  9494               	bcf	3988,2,c	;volatile
   365  007F30  94CA               	bcf	4042,2,c	;volatile
   366  007F32  C001  FFCB         	movff	OpenPWM1@period,4043	;volatile
   367  007F36  84CA               	bsf	4042,2,c	;volatile
   368  007F38  0012               	return		;funcret
   369  007F3A                     __end_of_OpenPWM1:
   370                           	opt stack 0
   371  0000                     wreg	equ	0xFE8
   372                           status	equ	0xFD8
   373                           wreg	equ	0xFE8
   374                           status	equ	0xFD8
   375                           
   376                           	psect	rparam
   377  0000                     wreg	equ	0xFE8
   378                           status	equ	0xFD8


Data Sizes:
    Strings     0
    Constant    0
    Data        0
    BSS         0
    Persistent  0
    Stack       0

Auto Spaces:
    Space          Size  Autos    Used
    COMRAM           95     11      11
    BANK0           160      0       0
    BANK1           256      0       0
    BANK2           256      0       0
    BANK3           256      0       0
    BANK4           256      0       0
    BANK5           256      0       0
    BANK6           256      0       0
    BANK7           256      0       0

Pointer List with Targets:

    None.

Critical Paths under _main in COMRAM

    _main->_SetDCPWM1

Critical Paths under _main in BANK0

    None.

Critical Paths under _main in BANK1

    None.

Critical Paths under _main in BANK2

    None.

Critical Paths under _main in BANK3

    None.

Critical Paths under _main in BANK4

    None.

Critical Paths under _main in BANK5

    None.

Critical Paths under _main in BANK6

    None.

Critical Paths under _main in BANK7

    None.

Call Graph Tables:

 ---------------------------------------------------------------------------------
 (Depth) Function   	        Calls       Base Space   Used Autos Params    Refs
 ---------------------------------------------------------------------------------
 (0) _main                                                 5     5      0     378
                                              6 COMRAM     5     5      0
                           _OpenPWM1
                          _SetDCPWM1
                         _TIMER2Init
 ---------------------------------------------------------------------------------
 (1) _TIMER2Init                                           0     0      0       0
 ---------------------------------------------------------------------------------
 (1) _SetDCPWM1                                            6     4      2     227
                                              0 COMRAM     6     4      2
 ---------------------------------------------------------------------------------
 (1) _OpenPWM1                                             1     1      0      15
                                              0 COMRAM     1     1      0
 ---------------------------------------------------------------------------------
 Estimated maximum stack depth 1
 ---------------------------------------------------------------------------------

 Call Graph Graphs:

 _main (ROOT)
   _OpenPWM1
   _SetDCPWM1
   _TIMER2Init

 Address spaces:
Name               Size   Autos  Total    Cost      Usage
BITCOMRAM           5F      0       0       0        0.0%
EEDATA             100      0       0       0        0.0%
NULL                 0      0       0       0        0.0%
CODE                 0      0       0       0        0.0%
COMRAM              5F      B       B       1       11.6%
STACK                0      0       0       2        0.0%
DATA                 0      0       0       3        0.0%
BITBANK0            A0      0       0       4        0.0%
BANK0               A0      0       0       5        0.0%
BITBANK1           100      0       0       6        0.0%
BANK1              100      0       0       7        0.0%
BITBANK2           100      0       0       8        0.0%
BANK2              100      0       0       9        0.0%
BITBANK3           100      0       0      10        0.0%
BANK3              100      0       0      11        0.0%
BITBANK4           100      0       0      12        0.0%
BANK4              100      0       0      13        0.0%
BITBANK5           100      0       0      14        0.0%
BANK5              100      0       0      15        0.0%
BITBANK6           100      0       0      16        0.0%
BANK6              100      0       0      17        0.0%
BITBANK7           100      0       0      18        0.0%
BANK7              100      0       0      19        0.0%
ABS                  0      0       0      20        0.0%
BIGRAM             7FF      0       0      21        0.0%
BITSFR               0      0       0      40        0.0%
SFR                  0      0       0      40        0.0%


Microchip Technology PIC18 Macro Assembler V1.34 build -361300703 
Symbol Table                                                                                   Fri Apr 17 01:53:29 2020

                     u65 7F44              __CFG_BOR$ON 000000              __CFG_BORV$3 000000  
           __CFG_CP0$OFF 000000             __CFG_CP1$OFF 000000             __CFG_CP2$OFF 000000  
           __CFG_CP3$OFF 000000                      l700 7F8C                      l702 7F94  
                    l720 7FD8                      l714 7FC4                      l706 7FA4  
                    l716 7FCC             __CFG_CPB$OFF 000000                      u117 7FB6  
                    u127 7FEA                      _PR2 000FCB             __CFG_CPD$OFF 000000  
                    wreg 000FE8             __CFG_LVP$OFF 000000             __CFG_WDT$OFF 000000  
                   _main 7F74                     start 0000            __CFG_IESO$OFF 000000  
          __CFG_MCLRE$ON 000000             ___param_bank 000010              ?_TIMER2Init 0001  
          __CFG_PLLDIV$1 000000           __CFG_CCP2MX$ON 000000                    ?_main 0001  
          __CFG_USBDIV$1 000000            __CFG_PWRT$OFF 000000            __CFG_WRT0$OFF 000000  
          __CFG_WRT1$OFF 000000            __CFG_WRT2$OFF 000000            __CFG_WRT3$OFF 000000  
         __CFG_EBTR0$OFF 000000           __CFG_FCMEN$OFF 000000           __CFG_EBTR1$OFF 000000  
         __CFG_EBTR2$OFF 000000           __CFG_EBTR3$OFF 000000            __CFG_WRTB$OFF 000000  
          __CFG_WRTC$OFF 000000            __CFG_WRTD$OFF 000000           __CFG_EBTRB$OFF 000000  
                  main@i 0008                    status 000FD8           __CFG_ICPRT$OFF 000000  
        __initialization 7F14             __end_of_main 8000         __end_of_OpenPWM1 7F3A  
                 ??_main 0007            __activetblptr 000000                   _CCPR1L 000FBE  
    __size_of_TIMER2Init 000E       __size_of_SetDCPWM1 003A           __CFG_XINST$OFF 000000  
         __CFG_STVREN$ON 000000               __accesstop 0060  __end_of__initialization 7F14  
        __CFG_PBADEN$OFF 000000          __CFG_FOSC$XT_XT 000000            ___rparam_used 000001  
         __pcstackCOMRAM 0001        __end_of_SetDCPWM1 7F74                ?_OpenPWM1 0001  
           ??_TIMER2Init 0001                  _CCP1CON 000FBD          __CFG_VREGEN$OFF 000000  
     __end_of_TIMER2Init 7F28               ??_OpenPWM1 0001                  __Hparam 0000  
                __Lparam 0000                  __pcinit 7F14                  __ramtop 0800  
                __ptext0 7F74                  __ptext1 7F1A                  __ptext2 7F3A  
                __ptext3 7F28                _T2CONbits 000FCA     end_of_initialization 7F14  
              _TRISCbits 000F94      start_initialization 7F14                _SetDCPWM1 7F3A  
        SetDCPWM1@DCycle 0005        __size_of_OpenPWM1 0012         __CFG_LPT1OSC$OFF 000000  
             ?_SetDCPWM1 0001         __CFG_WDTPS$32768 000000                main@i_123 000A  
            ??_SetDCPWM1 0003       SetDCPWM1@dutycycle 0001                 _OpenPWM1 7F28  
               __Hrparam 0000                 __Lrparam 0000           OpenPWM1@period 0001  
          __size_of_main 008C    __CFG_CPUDIV$OSC1_PLL2 000000               _TIMER2Init 7F1A  
