

Microchip MPLAB XC8 Assembler V2.05 build -831301201 
                                                                                               Tue May 19 17:56:38 2020

Microchip MPLAB XC8 C Compiler v2.05 (Free license) build 20181220022703 Og1 
     1                           	processor	18F4550
     2                           	fnconf	rparam,??,?,0
     3                           	opt	pw 120
     4                           	opt	flic
     5                           	psect	cinit,global,reloc=2,class=CODE,delta=1
     6                           	psect	cstackCOMRAM,global,class=COMRAM,space=1,delta=1,noexec
     7                           	psect	text0,global,reloc=2,class=CODE,delta=1
     8                           	psect	text1,global,reloc=2,class=CODE,delta=1
     9                           	psect	text2,global,reloc=2,class=CODE,delta=1,group=1
    10                           	psect	text3,global,reloc=2,class=CODE,delta=1
    11                           	psect	intsave_regs,global,class=BIGRAM,space=1,delta=1,noexec
    12                           	psect	rparam,global,class=COMRAM,space=1,delta=1,noexec
    13  0000                     
    14                           ; Version 2.05
    15                           ; Generated 20/12/2018 GMT
    16                           ; 
    17                           ; Copyright © 2018, Microchip Technology Inc. and its subsidiaries ("Microchip")
    18                           ; All rights reserved.
    19                           ; 
    20                           ; This software is developed by Microchip Technology Inc. and its subsidiaries ("Microch
      +                          ip").
    21                           ; 
    22                           ; Redistribution and use in source and binary forms, with or without modification, are
    23                           ; permitted provided that the following conditions are met:
    24                           ; 
    25                           ;     1. Redistributions of source code must retain the above copyright notice, this lis
      +                          t of
    26                           ;        conditions and the following disclaimer.
    27                           ; 
    28                           ;     2. Redistributions in binary form must reproduce the above copyright notice, this 
      +                          list
    29                           ;        of conditions and the following disclaimer in the documentation and/or other
    30                           ;        materials provided with the distribution.
    31                           ; 
    32                           ;     3. Microchip's name may not be used to endorse or promote products derived from th
      +                          is
    33                           ;        software without specific prior written permission.
    34                           ; 
    35                           ; THIS SOFTWARE IS PROVIDED BY MICROCHIP "AS IS" AND ANY EXPRESS OR IMPLIED WARRANTIES,
    36                           ; INCLUDING, BUT NOT LIMITED TO, THE IMPLIED WARRANTIES OF MERCHANTABILITY AND FITNESS F
      +                          OR
    37                           ; PURPOSE ARE DISCLAIMED.  IN NO EVENT SHALL MICROCHIP BE LIABLE FOR ANY DIRECT, INDIREC
      +                          T,
    38                           ; INCIDENTAL, SPECIAL, EXEMPLARY, OR CONSEQUENTIAL DAMAGES (INCLUDING BUT NOT LIMITED TO
    39                           ; PROCUREMENT OF SUBSTITUTE GOODS OR SERVICES; LOSS OF USE, DATA OR PROFITS; OR BUSINESS
    40                           ; INTERRUPTION) HOWSOEVER CAUSED AND ON ANY THEORY OF LIABILITY, WHETHER IN CONTRACT, ST
      +                          RICT
    41                           ; LIABILITY, OR TORT (INCLUDING NEGLIGENCE OR OTHERWISE) ARISING IN ANY WAY OUT OF THE U
      +                          SE OF
    42                           ; THIS SOFTWARE, EVEN IF ADVISED OF THE POSSIBILITY OF SUCH DAMAGE.
    43                           ; 
    44                           ; 
    45                           ; Code-generator required, PIC18F4550 Definitions
    46                           ; 
    47                           ; SFR Addresses
    48  0000                     _CVRCONbits	set	4021
    49  0000                     _CMCONbits	set	4020
    50  0000                     _TRISAbits	set	3986
    51  0000                     _ADCON1bits	set	4033
    52                           
    53                           ; #config settings
    54  0000                     
    55                           	psect	cinit
    56  007EBA                     __pcinit:
    57                           	opt callstack 0
    58  007EBA                     start_initialization:
    59                           	opt callstack 0
    60  007EBA                     __initialization:
    61                           	opt callstack 0
    62  007EBA                     end_of_initialization:
    63                           	opt callstack 0
    64  007EBA                     __end_of__initialization:
    65                           	opt callstack 0
    66  007EBA  0100               	movlb	0
    67  007EBC  EF60  F03F         	goto	_main	;jump to C main() function
    68                           
    69                           	psect	cstackCOMRAM
    70  000001                     __pcstackCOMRAM:
    71                           	opt callstack 0
    72  000001                     ?___awdiv:
    73                           	opt callstack 0
    74  000001                     Comp_Init@C1Out:
    75                           	opt callstack 0
    76  000001                     ___awdiv@dividend:
    77                           	opt callstack 0
    78                           
    79                           ; 2 bytes @ 0x0
    80  000001                     	ds	1
    81  000002                     Comp_Init@C2Out:
    82                           	opt callstack 0
    83                           
    84                           ; 1 bytes @ 0x1
    85  000002                     	ds	1
    86  000003                     Comp_Init@C1Logic:
    87                           	opt callstack 0
    88  000003                     ___awdiv@divisor:
    89                           	opt callstack 0
    90                           
    91                           ; 2 bytes @ 0x2
    92  000003                     	ds	1
    93  000004                     Comp_Init@C2Logic:
    94                           	opt callstack 0
    95                           
    96                           ; 1 bytes @ 0x3
    97  000004                     	ds	1
    98  000005                     Comp_Init@Mode:
    99                           	opt callstack 0
   100  000005                     ___awdiv@counter:
   101                           	opt callstack 0
   102                           
   103                           ; 1 bytes @ 0x4
   104  000005                     	ds	1
   105  000006                     Comp_Init@Comparators:
   106                           	opt callstack 0
   107  000006                     ___awdiv@sign:
   108                           	opt callstack 0
   109                           
   110                           ; 1 bytes @ 0x5
   111  000006                     	ds	1
   112  000007                     ___awdiv@quotient:
   113                           	opt callstack 0
   114                           
   115                           ; 2 bytes @ 0x6
   116  000007                     	ds	2
   117  000009                     Voltajereference_Init@source:
   118                           	opt callstack 0
   119                           
   120                           ; 1 bytes @ 0x8
   121  000009                     	ds	1
   122  00000A                     Voltajereference_Init@CVREF:
   123                           	opt callstack 0
   124                           
   125                           ; 1 bytes @ 0x9
   126  00000A                     	ds	1
   127  00000B                     Voltajereference_Init@CVRSRC:
   128                           	opt callstack 0
   129                           
   130                           ; 1 bytes @ 0xA
   131  00000B                     	ds	1
   132  00000C                     Voltajereference_Init@scale:
   133                           	opt callstack 0
   134                           
   135                           ; 1 bytes @ 0xB
   136  00000C                     	ds	1
   137  00000D                     
   138                           ; 1 bytes @ 0xC
   139 ;;
   140 ;;Main: autosize = 0, tempsize = 0, incstack = 0, save=0
   141 ;;
   142 ;; *************** function _main *****************
   143 ;; Defined at:
   144 ;;		line 7 in file "Main.c"
   145 ;; Parameters:    Size  Location     Type
   146 ;;		None
   147 ;; Auto vars:     Size  Location     Type
   148 ;;		None
   149 ;; Return value:  Size  Location     Type
   150 ;;                  1    wreg      void 
   151 ;; Registers used:
   152 ;;		wreg, status,2, status,0, prodl, prodh, cstack
   153 ;; Tracked objects:
   154 ;;		On entry : 0/0
   155 ;;		On exit  : 0/0
   156 ;;		Unchanged: 0/0
   157 ;; Data sizes:     COMRAM   BANK0   BANK1   BANK2   BANK3   BANK4   BANK5   BANK6   BANK7
   158 ;;      Params:         0       0       0       0       0       0       0       0       0
   159 ;;      Locals:         0       0       0       0       0       0       0       0       0
   160 ;;      Temps:          0       0       0       0       0       0       0       0       0
   161 ;;      Totals:         0       0       0       0       0       0       0       0       0
   162 ;;Total ram usage:        0 bytes
   163 ;; Hardware stack levels required when called:    2
   164 ;; This function calls:
   165 ;;		_Comp_Init
   166 ;;		_Voltajereference_Init
   167 ;; This function is called by:
   168 ;;		Startup code after reset
   169 ;; This function uses a non-reentrant model
   170 ;;
   171                           
   172                           	psect	text0
   173  007EC0                     __ptext0:
   174                           	opt callstack 0
   175  007EC0                     _main:
   176                           	opt callstack 29
   177                           
   178                           ;Main.c: 8:     Comp_Init(0x00,0x01,0x01,0x01,0x00,0x01);
   179                           
   180                           ;incstack = 0
   181  007EC0  0E01               	movlw	1
   182  007EC2  6E01               	movwf	Comp_Init@C1Out,c
   183  007EC4  0E01               	movlw	1
   184  007EC6  6E02               	movwf	Comp_Init@C2Out,c
   185  007EC8  0E01               	movlw	1
   186  007ECA  6E03               	movwf	Comp_Init@C1Logic,c
   187  007ECC  0E00               	movlw	0
   188  007ECE  6E04               	movwf	Comp_Init@C2Logic,c
   189  007ED0  0E01               	movlw	1
   190  007ED2  6E05               	movwf	Comp_Init@Mode,c
   191  007ED4  0E00               	movlw	0
   192  007ED6  EC95  F03F         	call	_Comp_Init
   193                           
   194                           ;Main.c: 9:     Voltajereference_Init(0x01,0x00,0x03,0x05);
   195  007EDA  0E00               	movlw	0
   196  007EDC  6E09               	movwf	Voltajereference_Init@source,c
   197  007EDE  0E03               	movlw	3
   198  007EE0  6E0A               	movwf	Voltajereference_Init@CVREF,c
   199  007EE2  0E05               	movlw	5
   200  007EE4  6E0B               	movwf	Voltajereference_Init@CVRSRC,c
   201  007EE6  0E01               	movlw	1
   202  007EE8  EC77  F03F         	call	_Voltajereference_Init
   203  007EEC                     l21:
   204                           
   205                           ;Main.c: 13:     }
   206  007EEC  D7FF               	goto	l21
   207  007EEE                     __end_of_main:
   208                           	opt callstack 0
   209                           
   210 ;; *************** function _Voltajereference_Init *****************
   211 ;; Defined at:
   212 ;;		line 41 in file "./Comparator.h"
   213 ;; Parameters:    Size  Location     Type
   214 ;;  scale           1    wreg     unsigned char 
   215 ;;  source          1    8[COMRAM] unsigned char 
   216 ;;  CVREF           1    9[COMRAM] unsigned char 
   217 ;;  CVRSRC          1   10[COMRAM] unsigned char 
   218 ;; Auto vars:     Size  Location     Type
   219 ;;  scale           1   11[COMRAM] unsigned char 
   220 ;; Return value:  Size  Location     Type
   221 ;;                  1    wreg      void 
   222 ;; Registers used:
   223 ;;		wreg, status,2, status,0, prodl, prodh, cstack
   224 ;; Tracked objects:
   225 ;;		On entry : 0/0
   226 ;;		On exit  : 0/0
   227 ;;		Unchanged: 0/0
   228 ;; Data sizes:     COMRAM   BANK0   BANK1   BANK2   BANK3   BANK4   BANK5   BANK6   BANK7
   229 ;;      Params:         3       0       0       0       0       0       0       0       0
   230 ;;      Locals:         1       0       0       0       0       0       0       0       0
   231 ;;      Temps:          0       0       0       0       0       0       0       0       0
   232 ;;      Totals:         4       0       0       0       0       0       0       0       0
   233 ;;Total ram usage:        4 bytes
   234 ;; Hardware stack levels used:    1
   235 ;; Hardware stack levels required when called:    1
   236 ;; This function calls:
   237 ;;		___awdiv
   238 ;; This function is called by:
   239 ;;		_main
   240 ;; This function uses a non-reentrant model
   241 ;;
   242                           
   243                           	psect	text1
   244  007EEE                     __ptext1:
   245                           	opt callstack 0
   246  007EEE                     _Voltajereference_Init:
   247                           	opt callstack 29
   248                           
   249                           ;incstack = 0
   250                           ;Voltajereference_Init@scale stored from wreg
   251  007EEE  6E0C               	movwf	Voltajereference_Init@scale,c
   252                           
   253                           ;./Comparator.h: 42:     CVRCONbits.CVROE = 1;
   254  007EF0  8CB5               	bsf	4021,6,c	;volatile
   255                           
   256                           ;./Comparator.h: 43:     CVRCONbits.CVRR = scale;
   257  007EF2  B00C               	btfsc	Voltajereference_Init@scale,0,c
   258  007EF4  D002               	bra	u255
   259  007EF6  9AB5               	bcf	4021,5,c	;volatile
   260  007EF8  D001               	bra	u256
   261  007EFA                     u255:
   262  007EFA  8AB5               	bsf	4021,5,c	;volatile
   263  007EFC                     u256:
   264                           
   265                           ;./Comparator.h: 44:     CVRCONbits.CVRSS = source;
   266  007EFC  B009               	btfsc	Voltajereference_Init@source,0,c
   267  007EFE  D002               	bra	u265
   268  007F00  98B5               	bcf	4021,4,c	;volatile
   269  007F02  D001               	bra	u266
   270  007F04                     u265:
   271  007F04  88B5               	bsf	4021,4,c	;volatile
   272  007F06                     u266:
   273                           
   274                           ;./Comparator.h: 45:     CVRCONbits.CVR = (unsigned int)(24*CVREF/CVRSRC);
   275  007F06  500A               	movf	Voltajereference_Init@CVREF,w,c
   276  007F08  0D18               	mullw	24
   277  007F0A  CFF3 F001          	movff	prodl,___awdiv@dividend
   278  007F0E  CFF4 F002          	movff	prodh,___awdiv@dividend+1
   279  007F12  C00B  F003         	movff	Voltajereference_Init@CVRSRC,___awdiv@divisor
   280  007F16  6A04               	clrf	___awdiv@divisor+1,c
   281  007F18  ECBE  F03F         	call	___awdiv	;wreg free
   282  007F1C  50B5               	movf	4021,w,c	;volatile
   283  007F1E  1801               	xorwf	?___awdiv,w,c
   284  007F20  0BF0               	andlw	-16
   285  007F22  1801               	xorwf	?___awdiv,w,c
   286  007F24  6EB5               	movwf	4021,c	;volatile
   287                           
   288                           ;./Comparator.h: 46:     CVRCONbits.CVREN = 1;
   289  007F26  8EB5               	bsf	4021,7,c	;volatile
   290  007F28  0012               	return		;funcret
   291  007F2A                     __end_of_Voltajereference_Init:
   292                           	opt callstack 0
   293                           
   294 ;; *************** function ___awdiv *****************
   295 ;; Defined at:
   296 ;;		line 7 in file "C:\Program Files (x86)\Microchip\xc8\v2.05\pic\sources\c99\common\awdiv.c"
   297 ;; Parameters:    Size  Location     Type
   298 ;;  dividend        2    0[COMRAM] int 
   299 ;;  divisor         2    2[COMRAM] int 
   300 ;; Auto vars:     Size  Location     Type
   301 ;;  quotient        2    6[COMRAM] int 
   302 ;;  sign            1    5[COMRAM] unsigned char 
   303 ;;  counter         1    4[COMRAM] unsigned char 
   304 ;; Return value:  Size  Location     Type
   305 ;;                  2    0[COMRAM] int 
   306 ;; Registers used:
   307 ;;		wreg, status,2, status,0
   308 ;; Tracked objects:
   309 ;;		On entry : 0/0
   310 ;;		On exit  : 0/0
   311 ;;		Unchanged: 0/0
   312 ;; Data sizes:     COMRAM   BANK0   BANK1   BANK2   BANK3   BANK4   BANK5   BANK6   BANK7
   313 ;;      Params:         4       0       0       0       0       0       0       0       0
   314 ;;      Locals:         4       0       0       0       0       0       0       0       0
   315 ;;      Temps:          0       0       0       0       0       0       0       0       0
   316 ;;      Totals:         8       0       0       0       0       0       0       0       0
   317 ;;Total ram usage:        8 bytes
   318 ;; Hardware stack levels used:    1
   319 ;; This function calls:
   320 ;;		Nothing
   321 ;; This function is called by:
   322 ;;		_Voltajereference_Init
   323 ;; This function uses a non-reentrant model
   324 ;;
   325                           
   326                           	psect	text2
   327  007F7C                     __ptext2:
   328                           	opt callstack 0
   329  007F7C                     ___awdiv:
   330                           	opt callstack 29
   331                           
   332                           ;incstack = 0
   333  007F7C  0E00               	movlw	0
   334  007F7E  6E06               	movwf	___awdiv@sign,c
   335  007F80  AE04               	btfss	___awdiv@divisor+1,7,c
   336  007F82  D006               	goto	l772
   337  007F84  6C03               	negf	___awdiv@divisor,c
   338  007F86  1E04               	comf	___awdiv@divisor+1,f,c
   339  007F88  B0D8               	btfsc	status,0,c
   340  007F8A  2A04               	incf	___awdiv@divisor+1,f,c
   341  007F8C  0E01               	movlw	1
   342  007F8E  6E06               	movwf	___awdiv@sign,c
   343  007F90                     l772:
   344  007F90  AE02               	btfss	___awdiv@dividend+1,7,c
   345  007F92  D006               	goto	l778
   346  007F94  6C01               	negf	___awdiv@dividend,c
   347  007F96  1E02               	comf	___awdiv@dividend+1,f,c
   348  007F98  B0D8               	btfsc	status,0,c
   349  007F9A  2A02               	incf	___awdiv@dividend+1,f,c
   350  007F9C  0E01               	movlw	1
   351  007F9E  1A06               	xorwf	___awdiv@sign,f,c
   352  007FA0                     l778:
   353  007FA0  0E00               	movlw	0
   354  007FA2  6E08               	movwf	___awdiv@quotient+1,c
   355  007FA4  0E00               	movlw	0
   356  007FA6  6E07               	movwf	___awdiv@quotient,c
   357  007FA8  5003               	movf	___awdiv@divisor,w,c
   358  007FAA  1004               	iorwf	___awdiv@divisor+1,w,c
   359  007FAC  B4D8               	btfsc	status,2,c
   360  007FAE  D01C               	goto	l800
   361  007FB0  0E01               	movlw	1
   362  007FB2  6E05               	movwf	___awdiv@counter,c
   363  007FB4  D004               	goto	l786
   364  007FB6                     l784:
   365  007FB6  90D8               	bcf	status,0,c
   366  007FB8  3603               	rlcf	___awdiv@divisor,f,c
   367  007FBA  3604               	rlcf	___awdiv@divisor+1,f,c
   368  007FBC  2A05               	incf	___awdiv@counter,f,c
   369  007FBE                     l786:
   370  007FBE  AE04               	btfss	___awdiv@divisor+1,7,c
   371  007FC0  D7FA               	goto	l784
   372  007FC2                     u170:
   373  007FC2  90D8               	bcf	status,0,c
   374  007FC4  3607               	rlcf	___awdiv@quotient,f,c
   375  007FC6  3608               	rlcf	___awdiv@quotient+1,f,c
   376  007FC8  5003               	movf	___awdiv@divisor,w,c
   377  007FCA  5C01               	subwf	___awdiv@dividend,w,c
   378  007FCC  5004               	movf	___awdiv@divisor+1,w,c
   379  007FCE  5802               	subwfb	___awdiv@dividend+1,w,c
   380  007FD0  A0D8               	btfss	status,0,c
   381  007FD2  D005               	goto	l796
   382  007FD4  5003               	movf	___awdiv@divisor,w,c
   383  007FD6  5E01               	subwf	___awdiv@dividend,f,c
   384  007FD8  5004               	movf	___awdiv@divisor+1,w,c
   385  007FDA  5A02               	subwfb	___awdiv@dividend+1,f,c
   386  007FDC  8007               	bsf	___awdiv@quotient,0,c
   387  007FDE                     l796:
   388  007FDE  90D8               	bcf	status,0,c
   389  007FE0  3204               	rrcf	___awdiv@divisor+1,f,c
   390  007FE2  3203               	rrcf	___awdiv@divisor,f,c
   391  007FE4  2E05               	decfsz	___awdiv@counter,f,c
   392  007FE6  D7ED               	goto	u170
   393  007FE8                     l800:
   394  007FE8  5006               	movf	___awdiv@sign,w,c
   395  007FEA  B4D8               	btfsc	status,2,c
   396  007FEC  D004               	goto	l804
   397  007FEE  6C07               	negf	___awdiv@quotient,c
   398  007FF0  1E08               	comf	___awdiv@quotient+1,f,c
   399  007FF2  B0D8               	btfsc	status,0,c
   400  007FF4  2A08               	incf	___awdiv@quotient+1,f,c
   401  007FF6                     l804:
   402  007FF6  C007  F001         	movff	___awdiv@quotient,?___awdiv
   403  007FFA  C008  F002         	movff	___awdiv@quotient+1,?___awdiv+1
   404  007FFE  0012               	return		;funcret
   405  008000                     __end_of___awdiv:
   406                           	opt callstack 0
   407                           
   408 ;; *************** function _Comp_Init *****************
   409 ;; Defined at:
   410 ;;		line 18 in file "./Comparator.h"
   411 ;; Parameters:    Size  Location     Type
   412 ;;  Comparators     1    wreg     unsigned char 
   413 ;;  C1Out           1    0[COMRAM] unsigned char 
   414 ;;  C2Out           1    1[COMRAM] unsigned char 
   415 ;;  C1Logic         1    2[COMRAM] unsigned char 
   416 ;;  C2Logic         1    3[COMRAM] unsigned char 
   417 ;;  Mode            1    4[COMRAM] unsigned char 
   418 ;; Auto vars:     Size  Location     Type
   419 ;;  Comparators     1    5[COMRAM] unsigned char 
   420 ;; Return value:  Size  Location     Type
   421 ;;                  1    wreg      void 
   422 ;; Registers used:
   423 ;;		wreg, status,2, status,0
   424 ;; Tracked objects:
   425 ;;		On entry : 0/0
   426 ;;		On exit  : 0/0
   427 ;;		Unchanged: 0/0
   428 ;; Data sizes:     COMRAM   BANK0   BANK1   BANK2   BANK3   BANK4   BANK5   BANK6   BANK7
   429 ;;      Params:         5       0       0       0       0       0       0       0       0
   430 ;;      Locals:         1       0       0       0       0       0       0       0       0
   431 ;;      Temps:          0       0       0       0       0       0       0       0       0
   432 ;;      Totals:         6       0       0       0       0       0       0       0       0
   433 ;;Total ram usage:        6 bytes
   434 ;; Hardware stack levels used:    1
   435 ;; This function calls:
   436 ;;		Nothing
   437 ;; This function is called by:
   438 ;;		_main
   439 ;; This function uses a non-reentrant model
   440 ;;
   441                           
   442                           	psect	text3
   443  007F2A                     __ptext3:
   444                           	opt callstack 0
   445  007F2A                     _Comp_Init:
   446                           	opt callstack 30
   447                           
   448                           ;incstack = 0
   449                           ;Comp_Init@Comparators stored from wreg
   450  007F2A  6E06               	movwf	Comp_Init@Comparators,c
   451                           
   452                           ;./Comparator.h: 19:     ADCON1bits.PCFG = 0x0B;
   453  007F2C  50C1               	movf	4033,w,c	;volatile
   454  007F2E  0BF0               	andlw	-16
   455  007F30  090B               	iorlw	11
   456  007F32  6EC1               	movwf	4033,c	;volatile
   457                           
   458                           ;./Comparator.h: 21:     if(Comparators == 0x00){
   459  007F34  5006               	movf	Comp_Init@Comparators,w,c
   460  007F36  A4D8               	btfss	status,2,c
   461  007F38  D004               	goto	l11
   462                           
   463                           ;./Comparator.h: 22:         TRISAbits.RA0 = 1;
   464  007F3A  8092               	bsf	3986,0,c	;volatile
   465                           
   466                           ;./Comparator.h: 23:         TRISAbits.RA3 = 1;
   467  007F3C  8692               	bsf	3986,3,c	;volatile
   468                           
   469                           ;./Comparator.h: 24:         TRISAbits.RA4 = 0;
   470  007F3E  9892               	bcf	3986,4,c	;volatile
   471                           
   472                           ;./Comparator.h: 25:     }
   473  007F40  D003               	goto	l12
   474  007F42                     l11:
   475                           
   476                           ;./Comparator.h: 27:         TRISAbits.RA1 = 1;
   477  007F42  8292               	bsf	3986,1,c	;volatile
   478                           
   479                           ;./Comparator.h: 28:         TRISAbits.RA2 = 1;
   480  007F44  8492               	bsf	3986,2,c	;volatile
   481                           
   482                           ;./Comparator.h: 29:         TRISAbits.RA5 = 0;
   483  007F46  9A92               	bcf	3986,5,c	;volatile
   484  007F48                     l12:
   485                           
   486                           ;./Comparator.h: 32:     CMCONbits.C1OUT = C1Out;
   487  007F48  B001               	btfsc	Comp_Init@C1Out,0,c
   488  007F4A  D002               	bra	u215
   489  007F4C  9CB4               	bcf	4020,6,c	;volatile
   490  007F4E  D001               	bra	u216
   491  007F50                     u215:
   492  007F50  8CB4               	bsf	4020,6,c	;volatile
   493  007F52                     u216:
   494                           
   495                           ;./Comparator.h: 33:     CMCONbits.C2OUT = C2Out;
   496  007F52  B002               	btfsc	Comp_Init@C2Out,0,c
   497  007F54  D002               	bra	u225
   498  007F56  9EB4               	bcf	4020,7,c	;volatile
   499  007F58  D001               	bra	u226
   500  007F5A                     u225:
   501  007F5A  8EB4               	bsf	4020,7,c	;volatile
   502  007F5C                     u226:
   503                           
   504                           ;./Comparator.h: 34:     CMCONbits.C1INV = C1Logic;
   505  007F5C  B003               	btfsc	Comp_Init@C1Logic,0,c
   506  007F5E  D002               	bra	u235
   507  007F60  98B4               	bcf	4020,4,c	;volatile
   508  007F62  D001               	bra	u236
   509  007F64                     u235:
   510  007F64  88B4               	bsf	4020,4,c	;volatile
   511  007F66                     u236:
   512                           
   513                           ;./Comparator.h: 35:     CMCONbits.C2INV = C2Logic;
   514  007F66  B004               	btfsc	Comp_Init@C2Logic,0,c
   515  007F68  D002               	bra	u245
   516  007F6A  9AB4               	bcf	4020,5,c	;volatile
   517  007F6C  D001               	bra	u246
   518  007F6E                     u245:
   519  007F6E  8AB4               	bsf	4020,5,c	;volatile
   520  007F70                     u246:
   521                           
   522                           ;./Comparator.h: 36:     CMCONbits.CM = Mode;
   523  007F70  50B4               	movf	4020,w,c	;volatile
   524  007F72  1805               	xorwf	Comp_Init@Mode,w,c
   525  007F74  0BF8               	andlw	-8
   526  007F76  1805               	xorwf	Comp_Init@Mode,w,c
   527  007F78  6EB4               	movwf	4020,c	;volatile
   528  007F7A  0012               	return		;funcret
   529  007F7C                     __end_of_Comp_Init:
   530                           	opt callstack 0
   531  0000                     
   532                           	psect	rparam
   533  0000                     tosu	equ	0xFFF
   534                           tosh	equ	0xFFE
   535                           tosl	equ	0xFFD
   536                           stkptr	equ	0xFFC
   537                           pclatu	equ	0xFFB
   538                           pclath	equ	0xFFA
   539                           pcl	equ	0xFF9
   540                           tblptru	equ	0xFF8
   541                           tblptrh	equ	0xFF7
   542                           tblptrl	equ	0xFF6
   543                           tablat	equ	0xFF5
   544                           prodh	equ	0xFF4
   545                           prodl	equ	0xFF3
   546                           indf0	equ	0xFEF
   547                           postinc0	equ	0xFEE
   548                           postdec0	equ	0xFED
   549                           preinc0	equ	0xFEC
   550                           plusw0	equ	0xFEB
   551                           fsr0h	equ	0xFEA
   552                           fsr0l	equ	0xFE9
   553                           wreg	equ	0xFE8
   554                           indf1	equ	0xFE7
   555                           postinc1	equ	0xFE6
   556                           postdec1	equ	0xFE5
   557                           preinc1	equ	0xFE4
   558                           plusw1	equ	0xFE3
   559                           fsr1h	equ	0xFE2
   560                           fsr1l	equ	0xFE1
   561                           bsr	equ	0xFE0
   562                           indf2	equ	0xFDF
   563                           postinc2	equ	0xFDE
   564                           postdec2	equ	0xFDD
   565                           preinc2	equ	0xFDC
   566                           plusw2	equ	0xFDB
   567                           fsr2h	equ	0xFDA
   568                           fsr2l	equ	0xFD9
   569                           status	equ	0xFD8


Data Sizes:
    Strings     0
    Constant    0
    Data        0
    BSS         0
    Persistent  0
    Stack       0

Auto Spaces:
    Space          Size  Autos    Used
    COMRAM           95     12      12
    BANK0           160      0       0
    BANK1           256      0       0
    BANK2           256      0       0
    BANK3           256      0       0
    BANK4           256      0       0
    BANK5           256      0       0
    BANK6           256      0       0
    BANK7           256      0       0

Pointer List with Targets:

    None.

Critical Paths under _main in COMRAM

    _main->_Voltajereference_Init
    _Voltajereference_Init->___awdiv

Critical Paths under _main in BANK0

    None.

Critical Paths under _main in BANK1

    None.

Critical Paths under _main in BANK2

    None.

Critical Paths under _main in BANK3

    None.

Critical Paths under _main in BANK4

    None.

Critical Paths under _main in BANK5

    None.

Critical Paths under _main in BANK6

    None.

Critical Paths under _main in BANK7

    None.

Call Graph Tables:

 ---------------------------------------------------------------------------------
 (Depth) Function   	        Calls       Base Space   Used Autos Params    Refs
 ---------------------------------------------------------------------------------
 (0) _main                                                 0     0      0    1280
                          _Comp_Init
              _Voltajereference_Init
 ---------------------------------------------------------------------------------
 (1) _Voltajereference_Init                                4     1      3     768
                                              8 COMRAM     4     1      3
                            ___awdiv
 ---------------------------------------------------------------------------------
 (2) ___awdiv                                              8     4      4     452
                                              0 COMRAM     8     4      4
 ---------------------------------------------------------------------------------
 (1) _Comp_Init                                            6     1      5     512
                                              0 COMRAM     6     1      5
 ---------------------------------------------------------------------------------
 Estimated maximum stack depth 2
 ---------------------------------------------------------------------------------

 Call Graph Graphs:

 _main (ROOT)
   _Comp_Init
   _Voltajereference_Init
     ___awdiv

 Address spaces:
Name               Size   Autos  Total    Cost      Usage
BITCOMRAM           5F      0       0       0        0.0%
EEDATA             100      0       0       0        0.0%
NULL                 0      0       0       0        0.0%
CODE                 0      0       0       0        0.0%
COMRAM              5F      C       C       1       12.6%
STACK                0      0       0       2        0.0%
DATA                 0      0       0       3        0.0%
BITBANK0            A0      0       0       4        0.0%
BANK0               A0      0       0       5        0.0%
BITBANK1           100      0       0       6        0.0%
BANK1              100      0       0       7        0.0%
BITBANK2           100      0       0       8        0.0%
BANK2              100      0       0       9        0.0%
BITBANK3           100      0       0      10        0.0%
BANK3              100      0       0      11        0.0%
BITBANK4           100      0       0      12        0.0%
BANK4              100      0       0      13        0.0%
BITBANK5           100      0       0      14        0.0%
BANK5              100      0       0      15        0.0%
BITBANK6           100      0       0      16        0.0%
BANK6              100      0       0      17        0.0%
BITBANK7           100      0       0      18        0.0%
BANK7              100      0       0      19        0.0%
ABS                  0      0       0      20        0.0%
BIGRAM             7FF      0       0      21        0.0%
BITSFR               0      0       0     200        0.0%
SFR                  0      0       0     200        0.0%


Microchip Technology PIC18 Macro Assembler V2.05 build -831301201 
Symbol Table                                                                                   Tue May 19 17:56:38 2020

                            l11 7F42                              l12 7F48                              l21 7EEC  
                  ___awdiv@sign 0006                     __CFG_BOR$ON 000000                     __CFG_BORV$3 000000  
                  __CFG_CP0$OFF 000000                    __CFG_CP1$OFF 000000                    __CFG_CP2$OFF 000000  
                  __CFG_CP3$OFF 000000                             l800 7FE8                             l804 7FF6  
                           l772 7F90                             l784 7FB6                             l786 7FBE  
                           l778 7FA0                             l796 7FDE                    __CFG_CPB$OFF 000000  
                           u215 7F50                             u216 7F52                             u225 7F5A  
                           u226 7F5C                             u170 7FC2                             u235 7F64  
                           u236 7F66                             u245 7F6E                             u246 7F70  
                           u255 7EFA                             u256 7EFC                             u265 7F04  
                           u266 7F06                    __CFG_CPD$OFF 000000         ??_Voltajereference_Init 000C  
                  __CFG_LVP$OFF 000000                    __CFG_WDT$OFF 000000                            _main 7EC0  
                          prodh 000FF4                            prodl 000FF3                            start 0000  
                 __CFG_IESO$OFF 000000                   __CFG_MCLRE$ON 000000                    ___param_bank 000000  
                 __CFG_PLLDIV$1 000000                  __CFG_CCP2MX$ON 000000                           ?_main 0001  
               __end_of___awdiv 8000                 ___awdiv@divisor 0003                 ___awdiv@counter 0005  
                 __CFG_USBDIV$1 000000                   __CFG_PWRT$OFF 000000                   __CFG_WRT0$OFF 000000  
                 __CFG_WRT1$OFF 000000                   __CFG_WRT2$OFF 000000                   __CFG_WRT3$OFF 000000  
                __CFG_EBTR0$OFF 000000                  __CFG_FCMEN$OFF 000000                  __CFG_EBTR1$OFF 000000  
                __CFG_EBTR2$OFF 000000                  __CFG_EBTR3$OFF 000000      Voltajereference_Init@CVREF 000A  
                 __CFG_WRTB$OFF 000000                   __CFG_WRTC$OFF 000000                   __CFG_WRTD$OFF 000000  
                __CFG_EBTRB$OFF 000000      Voltajereference_Init@scale 000C                           status 000FD8  
                __CFG_ICPRT$OFF 000000                 __initialization 7EBA                    __end_of_main 7EEE  
                        ??_main 000D                   __activetblptr 000000              __size_of_Comp_Init 0052  
              ___awdiv@dividend 0001                  __CFG_XINST$OFF 000000     Voltajereference_Init@CVRSRC 000B  
                     ??___awdiv 0005                  __CFG_STVREN$ON 000000                ___awdiv@quotient 0007  
   Voltajereference_Init@source 0009                      __accesstop 0060         __end_of__initialization 7EBA  
               __CFG_PBADEN$OFF 000000                 __CFG_FOSC$XT_XT 000000                   ___rparam_used 000001  
             __end_of_Comp_Init 7F7C                  __pcstackCOMRAM 0001  __size_of_Voltajereference_Init 003C  
 __end_of_Voltajereference_Init 7F2A                 __CFG_VREGEN$OFF 000000                         __Hparam 0000  
                       __Lparam 0000                         ___awdiv 7F7C                       _CMCONbits 000FB4  
                       __pcinit 7EBA                         __ramtop 0800                         __ptext0 7EC0  
                       __ptext1 7EEE                         __ptext2 7F7C                         __ptext3 7F2A  
          end_of_initialization 7EBA                  Comp_Init@C1Out 0001                  Comp_Init@C2Out 0002  
                     _TRISAbits 000F92                       _Comp_Init 7F2A             start_initialization 7EBA  
              __CFG_LPT1OSC$OFF 000000                      ?_Comp_Init 0001           _Voltajereference_Init 7EEE  
                      ?___awdiv 0001                   Comp_Init@Mode 0005                __CFG_WDTPS$32768 000000  
                   ??_Comp_Init 0006                      _ADCON1bits 000FC1          ?_Voltajereference_Init 0009  
                      __Hrparam 0000                        __Lrparam 0000                __size_of___awdiv 0084  
              Comp_Init@C1Logic 0003                Comp_Init@C2Logic 0004                   __size_of_main 002E  
                    _CVRCONbits 000FB5           __CFG_CPUDIV$OSC1_PLL2 000000            Comp_Init@Comparators 0006  
