

Microchip MPLAB XC8 Assembler V2.10 build 88905656 
                                                                                               Thu Mar 26 23:52:53 2020

Microchip MPLAB XC8 C Compiler v2.10 (Free license) build 20190730164152 Og1 
     1                           	processor	18F4550
     2                           	fnconf	rparam,??,?,0
     3                           	opt	pw 120
     4                           	opt	flic
     5                           	psect	cinit,global,reloc=2,class=CODE,delta=1
     6                           	psect	cstackCOMRAM,global,class=COMRAM,space=1,delta=1,noexec
     7                           	psect	text0,global,reloc=2,class=CODE,delta=1
     8                           	psect	text1,global,reloc=2,class=CODE,delta=1
     9                           	psect	text2,global,reloc=2,class=CODE,delta=1
    10                           	psect	intsave_regs,global,class=BIGRAM,space=1,delta=1,noexec
    11                           	psect	rparam,global,class=COMRAM,space=1,delta=1,noexec
    12  0000                     
    13                           ; Version 2.10
    14                           ; Generated 31/07/2019 GMT
    15                           ; 
    16                           ; Copyright © 2019, Microchip Technology Inc. and its subsidiaries ("Microchip")
    17                           ; All rights reserved.
    18                           ; 
    19                           ; This software is developed by Microchip Technology Inc. and its subsidiaries ("Microch
      +                          ip").
    20                           ; 
    21                           ; Redistribution and use in source and binary forms, with or without modification, are
    22                           ; permitted provided that the following conditions are met:
    23                           ; 
    24                           ;     1. Redistributions of source code must retain the above copyright notice, this lis
      +                          t of
    25                           ;        conditions and the following disclaimer.
    26                           ; 
    27                           ;     2. Redistributions in binary form must reproduce the above copyright notice, this 
      +                          list
    28                           ;        of conditions and the following disclaimer in the documentation and/or other
    29                           ;        materials provided with the distribution.
    30                           ; 
    31                           ;     3. Microchip's name may not be used to endorse or promote products derived from th
      +                          is
    32                           ;        software without specific prior written permission.
    33                           ; 
    34                           ; THIS SOFTWARE IS PROVIDED BY MICROCHIP "AS IS" AND ANY EXPRESS OR IMPLIED WARRANTIES,
    35                           ; INCLUDING, BUT NOT LIMITED TO, THE IMPLIED WARRANTIES OF MERCHANTABILITY AND FITNESS F
      +                          OR
    36                           ; PURPOSE ARE DISCLAIMED.  IN NO EVENT SHALL MICROCHIP BE LIABLE FOR ANY DIRECT, INDIREC
      +                          T,
    37                           ; INCIDENTAL, SPECIAL, EXEMPLARY, OR CONSEQUENTIAL DAMAGES (INCLUDING BUT NOT LIMITED TO
    38                           ; PROCUREMENT OF SUBSTITUTE GOODS OR SERVICES; LOSS OF USE, DATA OR PROFITS; OR BUSINESS
    39                           ; INTERRUPTION) HOWSOEVER CAUSED AND ON ANY THEORY OF LIABILITY, WHETHER IN CONTRACT, ST
      +                          RICT
    40                           ; LIABILITY, OR TORT (INCLUDING NEGLIGENCE OR OTHERWISE) ARISING IN ANY WAY OUT OF THE U
      +                          SE OF
    41                           ; THIS SOFTWARE, EVEN IF ADVISED OF THE POSSIBILITY OF SUCH DAMAGE.
    42                           ; 
    43                           ; 
    44                           ; Code-generator required, PIC18F4550 Definitions
    45                           ; 
    46                           ; SFR Addresses
    47  0000                     _LATDbits	set	3980
    48  0000                     _TRISDbits	set	3989
    49  0000                     _SSPBUF	set	4041
    50  0000                     _TRISAbits	set	3986
    51  0000                     _ADCON1	set	4033
    52  0000                     _SSPCON1bits	set	4038
    53  0000                     _SSPSTATbits	set	4039
    54  0000                     _TRISBbits	set	3987
    55  0000                     _TRISCbits	set	3988
    56                           
    57                           ; #config settings
    58  0000                     
    59                           	psect	cinit
    60  007F42                     __pcinit:
    61                           	opt callstack 0
    62  007F42                     start_initialization:
    63                           	opt callstack 0
    64  007F42                     __initialization:
    65                           	opt callstack 0
    66  007F42                     end_of_initialization:
    67                           	opt callstack 0
    68  007F42                     __end_of__initialization:
    69                           	opt callstack 0
    70  007F42  0100               	movlb	0
    71  007F44  EFC2  F03F         	goto	_main	;jump to C main() function
    72                           
    73                           	psect	cstackCOMRAM
    74  000001                     __pcstackCOMRAM:
    75                           	opt callstack 0
    76  000001                     SPIInitMaster@cke:
    77                           	opt callstack 0
    78  000001                     SPIData@Data:
    79                           	opt callstack 0
    80                           
    81                           ; 1 bytes @ 0x0
    82  000001                     	ds	1
    83  000002                     SPIInitMaster@ckp:
    84                           	opt callstack 0
    85                           
    86                           ; 1 bytes @ 0x1
    87  000002                     	ds	1
    88  000003                     SPIInitMaster@mode:
    89                           	opt callstack 0
    90                           
    91                           ; 1 bytes @ 0x2
    92  000003                     	ds	1
    93  000004                     SPIInitMaster@smp:
    94                           	opt callstack 0
    95                           
    96                           ; 1 bytes @ 0x3
    97  000004                     	ds	1
    98  000005                     ??_main:
    99                           
   100                           ; 1 bytes @ 0x4
   101  000005                     	ds	2
   102                           
   103 ;;
   104 ;;Main: autosize = 0, tempsize = 2, incstack = 0, save=0
   105 ;;
   106 ;; *************** function _main *****************
   107 ;; Defined at:
   108 ;;		line 8 in file "Main.c"
   109 ;; Parameters:    Size  Location     Type
   110 ;;		None
   111 ;; Auto vars:     Size  Location     Type
   112 ;;		None
   113 ;; Return value:  Size  Location     Type
   114 ;;                  1    wreg      void 
   115 ;; Registers used:
   116 ;;		wreg, status,2, status,0, cstack
   117 ;; Tracked objects:
   118 ;;		On entry : 0/0
   119 ;;		On exit  : 0/0
   120 ;;		Unchanged: 0/0
   121 ;; Data sizes:     COMRAM   BANK0   BANK1   BANK2   BANK3   BANK4   BANK5   BANK6   BANK7
   122 ;;      Params:         0       0       0       0       0       0       0       0       0
   123 ;;      Locals:         0       0       0       0       0       0       0       0       0
   124 ;;      Temps:          2       0       0       0       0       0       0       0       0
   125 ;;      Totals:         2       0       0       0       0       0       0       0       0
   126 ;;Total ram usage:        2 bytes
   127 ;; Hardware stack levels required when called:    1
   128 ;; This function calls:
   129 ;;		_SPIData
   130 ;;		_SPIInitMaster
   131 ;; This function is called by:
   132 ;;		Startup code after reset
   133 ;; This function uses a non-reentrant model
   134 ;;
   135                           
   136                           	psect	text0
   137  007F84                     __ptext0:
   138                           	opt callstack 0
   139  007F84                     _main:
   140                           	opt callstack 30
   141  007F84                     
   142                           ;Main.c: 9:     TRISDbits.RD3 = 0;
   143  007F84  9695               	bcf	149,3,c	;volatile
   144  007F86                     
   145                           ;Main.c: 11:     SPIInitMaster(0x00,0x00,0x00,0x00);
   146  007F86  0E00               	movlw	0
   147  007F88  6E01               	movwf	SPIInitMaster@cke^0,c
   148  007F8A  0E00               	movlw	0
   149  007F8C  6E02               	movwf	SPIInitMaster@ckp^0,c
   150  007F8E  0E00               	movlw	0
   151  007F90  6E03               	movwf	SPIInitMaster@mode^0,c
   152  007F92  0E00               	movlw	0
   153  007F94  ECA8  F03F         	call	_SPIInitMaster
   154  007F98                     
   155                           ;Main.c: 12:     _delay((unsigned long)((10)*(4E6/4000.0)));
   156  007F98  0E0D               	movlw	13
   157  007F9A  6E05               	movwf	??_main^0,c
   158  007F9C  0EFC               	movlw	252
   159  007F9E                     u107:
   160  007F9E  2EE8               	decfsz	wreg,f,c
   161  007FA0  D7FE               	bra	u107
   162  007FA2  2E05               	decfsz	??_main^0,f,c
   163  007FA4  D7FC               	bra	u107
   164  007FA6                     
   165                           ;Main.c: 13:     LATDbits.LATD3 = 0;
   166  007FA6  968C               	bcf	140,3,c	;volatile
   167  007FA8                     l794:
   168                           
   169                           ;Main.c: 18:         SPIData(0xA6);
   170  007FA8  0EA6               	movlw	166
   171  007FAA  ECA4  F03F         	call	_SPIData
   172  007FAE                     
   173                           ;Main.c: 19:         _delay((unsigned long)((3000)*(4E6/4000.0)));
   174  007FAE  0E10               	movlw	16
   175  007FB0  6E06               	movwf	(??_main+1)^0,c
   176  007FB2  0E39               	movlw	57
   177  007FB4  6E05               	movwf	??_main^0,c
   178  007FB6  0E0E               	movlw	14
   179  007FB8                     u117:
   180  007FB8  2EE8               	decfsz	wreg,f,c
   181  007FBA  D7FE               	bra	u117
   182  007FBC  2E05               	decfsz	??_main^0,f,c
   183  007FBE  D7FC               	bra	u117
   184  007FC0  2E06               	decfsz	(??_main+1)^0,f,c
   185  007FC2  D7FA               	bra	u117
   186  007FC4                     
   187                           ;Main.c: 20:         SPIData(0x02);
   188  007FC4  0E02               	movlw	2
   189  007FC6  ECA4  F03F         	call	_SPIData
   190  007FCA                     
   191                           ;Main.c: 21:         _delay((unsigned long)((3000)*(4E6/4000.0)));
   192  007FCA  0E10               	movlw	16
   193  007FCC  6E06               	movwf	(??_main+1)^0,c
   194  007FCE  0E39               	movlw	57
   195  007FD0  6E05               	movwf	??_main^0,c
   196  007FD2  0E0E               	movlw	14
   197  007FD4                     u127:
   198  007FD4  2EE8               	decfsz	wreg,f,c
   199  007FD6  D7FE               	bra	u127
   200  007FD8  2E05               	decfsz	??_main^0,f,c
   201  007FDA  D7FC               	bra	u127
   202  007FDC  2E06               	decfsz	(??_main+1)^0,f,c
   203  007FDE  D7FA               	bra	u127
   204  007FE0                     
   205                           ;Main.c: 22:         LATDbits.LATD3 = 1;
   206  007FE0  868C               	bsf	140,3,c	;volatile
   207  007FE2                     
   208                           ;Main.c: 23:         _delay((unsigned long)((3000)*(4E6/4000.0)));
   209  007FE2  0E10               	movlw	16
   210  007FE4  6E06               	movwf	(??_main+1)^0,c
   211  007FE6  0E39               	movlw	57
   212  007FE8  6E05               	movwf	??_main^0,c
   213  007FEA  0E0E               	movlw	14
   214  007FEC                     u137:
   215  007FEC  2EE8               	decfsz	wreg,f,c
   216  007FEE  D7FE               	bra	u137
   217  007FF0  2E05               	decfsz	??_main^0,f,c
   218  007FF2  D7FC               	bra	u137
   219  007FF4  2E06               	decfsz	(??_main+1)^0,f,c
   220  007FF6  D7FA               	bra	u137
   221  007FF8  EFD4  F03F         	goto	l794
   222  007FFC  EF00  F000         	goto	start
   223  008000                     __end_of_main:
   224                           	opt callstack 0
   225                           
   226 ;; *************** function _SPIInitMaster *****************
   227 ;; Defined at:
   228 ;;		line 14 in file "./SPI.h"
   229 ;; Parameters:    Size  Location     Type
   230 ;;  smp             1    wreg     unsigned char 
   231 ;;  cke             1    0[COMRAM] unsigned char 
   232 ;;  ckp             1    1[COMRAM] unsigned char 
   233 ;;  mode            1    2[COMRAM] unsigned char 
   234 ;; Auto vars:     Size  Location     Type
   235 ;;  smp             1    3[COMRAM] unsigned char 
   236 ;; Return value:  Size  Location     Type
   237 ;;                  1    wreg      void 
   238 ;; Registers used:
   239 ;;		wreg, status,2, status,0
   240 ;; Tracked objects:
   241 ;;		On entry : 0/0
   242 ;;		On exit  : 0/0
   243 ;;		Unchanged: 0/0
   244 ;; Data sizes:     COMRAM   BANK0   BANK1   BANK2   BANK3   BANK4   BANK5   BANK6   BANK7
   245 ;;      Params:         3       0       0       0       0       0       0       0       0
   246 ;;      Locals:         1       0       0       0       0       0       0       0       0
   247 ;;      Temps:          0       0       0       0       0       0       0       0       0
   248 ;;      Totals:         4       0       0       0       0       0       0       0       0
   249 ;;Total ram usage:        4 bytes
   250 ;; Hardware stack levels used:    1
   251 ;; This function calls:
   252 ;;		Nothing
   253 ;; This function is called by:
   254 ;;		_main
   255 ;; This function uses a non-reentrant model
   256 ;;
   257                           
   258                           	psect	text1
   259  007F50                     __ptext1:
   260                           	opt callstack 0
   261  007F50                     _SPIInitMaster:
   262                           	opt callstack 30
   263                           
   264                           ;incstack = 0
   265                           ;SPIInitMaster@smp stored from wreg
   266  007F50  6E04               	movwf	SPIInitMaster@smp^0,c
   267  007F52                     
   268                           ;./SPI.h: 15:     TRISCbits.RC7 = 0;
   269  007F52  9E94               	bcf	148,7,c	;volatile
   270                           
   271                           ;./SPI.h: 16:     TRISBbits.RB0 = 1;
   272  007F54  8093               	bsf	147,0,c	;volatile
   273                           
   274                           ;./SPI.h: 17:     TRISBbits.RB1 = 0;
   275  007F56  9293               	bcf	147,1,c	;volatile
   276  007F58                     
   277                           ;./SPI.h: 18:     SSPSTATbits.SMP = smp;
   278  007F58  B004               	btfsc	SPIInitMaster@smp^0,0,c
   279  007F5A  D002               	bra	u75
   280  007F5C  9EC7               	bcf	199,7,c	;volatile
   281  007F5E  D001               	bra	u76
   282  007F60                     u75:
   283  007F60  8EC7               	bsf	199,7,c	;volatile
   284  007F62                     u76:
   285  007F62                     
   286                           ;./SPI.h: 19:     SSPSTATbits.CKE = cke;
   287  007F62  B001               	btfsc	SPIInitMaster@cke^0,0,c
   288  007F64  D002               	bra	u85
   289  007F66  9CC7               	bcf	199,6,c	;volatile
   290  007F68  D001               	bra	u86
   291  007F6A                     u85:
   292  007F6A  8CC7               	bsf	199,6,c	;volatile
   293  007F6C                     u86:
   294  007F6C                     
   295                           ;./SPI.h: 20:     SSPCON1bits.CKP = ckp;
   296  007F6C  B002               	btfsc	SPIInitMaster@ckp^0,0,c
   297  007F6E  D002               	bra	u95
   298  007F70  98C6               	bcf	198,4,c	;volatile
   299  007F72  D001               	bra	u96
   300  007F74                     u95:
   301  007F74  88C6               	bsf	198,4,c	;volatile
   302  007F76                     u96:
   303  007F76                     
   304                           ;./SPI.h: 21:     SSPCON1bits.SSPM = mode;
   305  007F76  50C6               	movf	198,w,c	;volatile
   306  007F78  1803               	xorwf	SPIInitMaster@mode^0,w,c
   307  007F7A  0BF0               	andlw	-16
   308  007F7C  1803               	xorwf	SPIInitMaster@mode^0,w,c
   309  007F7E  6EC6               	movwf	198,c	;volatile
   310  007F80                     
   311                           ;./SPI.h: 22:     SSPCON1bits.SSPEN = 1;
   312  007F80  8AC6               	bsf	198,5,c	;volatile
   313  007F82  0012               	return		;funcret
   314  007F84                     __end_of_SPIInitMaster:
   315                           	opt callstack 0
   316                           
   317 ;; *************** function _SPIData *****************
   318 ;; Defined at:
   319 ;;		line 38 in file "./SPI.h"
   320 ;; Parameters:    Size  Location     Type
   321 ;;  Data            1    wreg     unsigned char 
   322 ;; Auto vars:     Size  Location     Type
   323 ;;  Data            1    0[COMRAM] unsigned char 
   324 ;; Return value:  Size  Location     Type
   325 ;;                  1    wreg      void 
   326 ;; Registers used:
   327 ;;		wreg
   328 ;; Tracked objects:
   329 ;;		On entry : 0/0
   330 ;;		On exit  : 0/0
   331 ;;		Unchanged: 0/0
   332 ;; Data sizes:     COMRAM   BANK0   BANK1   BANK2   BANK3   BANK4   BANK5   BANK6   BANK7
   333 ;;      Params:         0       0       0       0       0       0       0       0       0
   334 ;;      Locals:         1       0       0       0       0       0       0       0       0
   335 ;;      Temps:          0       0       0       0       0       0       0       0       0
   336 ;;      Totals:         1       0       0       0       0       0       0       0       0
   337 ;;Total ram usage:        1 bytes
   338 ;; Hardware stack levels used:    1
   339 ;; This function calls:
   340 ;;		Nothing
   341 ;; This function is called by:
   342 ;;		_main
   343 ;; This function uses a non-reentrant model
   344 ;;
   345                           
   346                           	psect	text2
   347  007F48                     __ptext2:
   348                           	opt callstack 0
   349  007F48                     _SPIData:
   350                           	opt callstack 30
   351                           
   352                           ;incstack = 0
   353                           ;SPIData@Data stored from wreg
   354  007F48  6E01               	movwf	SPIData@Data^0,c
   355  007F4A                     
   356                           ;./SPI.h: 39:     SSPBUF = Data;
   357  007F4A  C001  FFC9         	movff	SPIData@Data,4041	;volatile
   358  007F4E  0012               	return		;funcret
   359  007F50                     __end_of_SPIData:
   360                           	opt callstack 0
   361  0000                     
   362                           	psect	rparam
   363  0000                     tosu	equ	0xFFF
   364                           tosh	equ	0xFFE
   365                           tosl	equ	0xFFD
   366                           stkptr	equ	0xFFC
   367                           pclatu	equ	0xFFB
   368                           pclath	equ	0xFFA
   369                           pcl	equ	0xFF9
   370                           tblptru	equ	0xFF8
   371                           tblptrh	equ	0xFF7
   372                           tblptrl	equ	0xFF6
   373                           tablat	equ	0xFF5
   374                           prodh	equ	0xFF4
   375                           prodl	equ	0xFF3
   376                           indf0	equ	0xFEF
   377                           postinc0	equ	0xFEE
   378                           postdec0	equ	0xFED
   379                           preinc0	equ	0xFEC
   380                           plusw0	equ	0xFEB
   381                           fsr0h	equ	0xFEA
   382                           fsr0l	equ	0xFE9
   383                           wreg	equ	0xFE8
   384                           indf1	equ	0xFE7
   385                           postinc1	equ	0xFE6
   386                           postdec1	equ	0xFE5
   387                           preinc1	equ	0xFE4
   388                           plusw1	equ	0xFE3
   389                           fsr1h	equ	0xFE2
   390                           fsr1l	equ	0xFE1
   391                           bsr	equ	0xFE0
   392                           indf2	equ	0xFDF
   393                           postinc2	equ	0xFDE
   394                           postdec2	equ	0xFDD
   395                           preinc2	equ	0xFDC
   396                           plusw2	equ	0xFDB
   397                           fsr2h	equ	0xFDA
   398                           fsr2l	equ	0xFD9
   399                           status	equ	0xFD8


Data Sizes:
    Strings     0
    Constant    0
    Data        0
    BSS         0
    Persistent  0
    Stack       0

Auto Spaces:
    Space          Size  Autos    Used
    COMRAM           95      6       6
    BANK0           160      0       0
    BANK1           256      0       0
    BANK2           256      0       0
    BANK3           256      0       0
    BANK4           256      0       0
    BANK5           256      0       0
    BANK6           256      0       0
    BANK7           256      0       0

Pointer List with Targets:

    None.

Critical Paths under _main in COMRAM

    _main->_SPIInitMaster

Critical Paths under _main in BANK0

    None.

Critical Paths under _main in BANK1

    None.

Critical Paths under _main in BANK2

    None.

Critical Paths under _main in BANK3

    None.

Critical Paths under _main in BANK4

    None.

Critical Paths under _main in BANK5

    None.

Critical Paths under _main in BANK6

    None.

Critical Paths under _main in BANK7

    None.

Call Graph Tables:

 ---------------------------------------------------------------------------------
 (Depth) Function   	        Calls       Base Space   Used Autos Params    Refs
 ---------------------------------------------------------------------------------
 (0) _main                                                 2     2      0     331
                                              4 COMRAM     2     2      0
                            _SPIData
                      _SPIInitMaster
 ---------------------------------------------------------------------------------
 (1) _SPIInitMaster                                        4     1      3     316
                                              0 COMRAM     4     1      3
 ---------------------------------------------------------------------------------
 (1) _SPIData                                              1     1      0      15
                                              0 COMRAM     1     1      0
 ---------------------------------------------------------------------------------
 Estimated maximum stack depth 1
 ---------------------------------------------------------------------------------

 Call Graph Graphs:

 _main (ROOT)
   _SPIData
   _SPIInitMaster

 Address spaces:
Name               Size   Autos  Total    Cost      Usage
BITCOMRAM           5F      0       0       0        0.0%
EEDATA             100      0       0       0        0.0%
NULL                 0      0       0       0        0.0%
CODE                 0      0       0       0        0.0%
COMRAM              5F      6       6       1        6.3%
STACK                0      0       0       2        0.0%
DATA                 0      0       0       3        0.0%
BITBANK0            A0      0       0       4        0.0%
BANK0               A0      0       0       5        0.0%
BITBANK1           100      0       0       6        0.0%
BANK1              100      0       0       7        0.0%
BITBANK2           100      0       0       8        0.0%
BANK2              100      0       0       9        0.0%
BITBANK3           100      0       0      10        0.0%
BANK3              100      0       0      11        0.0%
BITBANK4           100      0       0      12        0.0%
BANK4              100      0       0      13        0.0%
BITBANK5           100      0       0      14        0.0%
BANK5              100      0       0      15        0.0%
BITBANK6           100      0       0      16        0.0%
BANK6              100      0       0      17        0.0%
BITBANK7           100      0       0      18        0.0%
BANK7              100      0       0      19        0.0%
ABS                  0      0       0      20        0.0%
BIGRAM             7FF      0       0      21        0.0%
BITSFR               0      0       0     200        0.0%
SFR                  0      0       0     200        0.0%


Microchip Technology PIC18 Macro Assembler V2.10 build 88905656 
Symbol Table                                                                                   Thu Mar 26 23:52:53 2020

            _SSPSTATbits 000FC7                       l23 7F82                       l29 7F4E  
                     u75 7F60                       u76 7F62                       u85 7F6A  
                     u86 7F6C                       u95 7F74                       u96 7F76  
            __CFG_BOR$ON 000000              __CFG_BORV$3 000000           ?_SPIInitMaster 0001  
           __CFG_CP0$OFF 000000             __CFG_CP1$OFF 000000             __CFG_CP2$OFF 000000  
           __CFG_CP3$OFF 000000                      l800 7FCA                      l802 7FE0  
                    l804 7FE2                      l728 7F4A                      l780 7F6C  
                    l782 7F76                      l774 7F52                      l790 7F98  
                    l784 7F80                      l776 7F58                      l792 7FA6  
                    l778 7F62                      l794 7FA8                      l786 7F84  
                    l796 7FAE                      l788 7F86                      l798 7FC4  
           __CFG_CPB$OFF 000000                      u107 7F9E                      u117 7FB8  
                    u127 7FD4                      u137 7FEC             __CFG_CPD$OFF 000000  
                    wreg 000FE8             __CFG_LVP$OFF 000000             __CFG_WDT$OFF 000000  
                   _main 7F84          __end_of_SPIData 7F50                     start 0000  
          __CFG_IESO$OFF 000000            __CFG_MCLRE$ON 000000             ___param_bank 000000  
          __CFG_PLLDIV$1 000000           __CFG_CCP2MX$ON 000000                    ?_main 0001  
          __CFG_USBDIV$1 000000            __CFG_PWRT$OFF 000000            __CFG_WRT0$OFF 000000  
          __CFG_WRT1$OFF 000000            __CFG_WRT2$OFF 000000            __CFG_WRT3$OFF 000000  
         __CFG_EBTR0$OFF 000000           __CFG_FCMEN$OFF 000000           __CFG_EBTR1$OFF 000000  
         __CFG_EBTR2$OFF 000000           __CFG_EBTR3$OFF 000000            __CFG_WRTB$OFF 000000  
          __CFG_WRTC$OFF 000000            __CFG_WRTD$OFF 000000           __CFG_EBTRB$OFF 000000  
         __CFG_ICPRT$OFF 000000          __initialization 7F42             __end_of_main 8000  
        ??_SPIInitMaster 0004                   ??_main 0005            __activetblptr 000000  
                 _ADCON1 000FC1                ??_SPIData 0001                   _SSPBUF 000FC9  
         __CFG_XINST$OFF 000000           __CFG_STVREN$ON 000000               __accesstop 0060  
__end_of__initialization 7F42          __CFG_PBADEN$OFF 000000          __CFG_FOSC$XT_XT 000000  
          ___rparam_used 000001           __pcstackCOMRAM 0001                  _SPIData 7F48  
        __CFG_VREGEN$OFF 000000                  __Hparam 0000                  __Lparam 0000  
       SPIInitMaster@cke 0001         SPIInitMaster@ckp 0002         SPIInitMaster@smp 0004  
                __pcinit 7F42                  __ramtop 0800                  __ptext0 7F84  
                __ptext1 7F50                  __ptext2 7F48     end_of_initialization 7F42  
  __end_of_SPIInitMaster 7F84              SPIData@Data 0001                _TRISAbits 000F92  
              _TRISBbits 000F93                _TRISCbits 000F94                _TRISDbits 000F95  
    start_initialization 7F42         __CFG_LPT1OSC$OFF 000000                 ?_SPIData 0001  
               _LATDbits 000F8C         __CFG_WDTPS$32768 000000         __size_of_SPIData 0008  
               __Hrparam 0000                 __Lrparam 0000        SPIInitMaster@mode 0003  
          __size_of_main 007C   __size_of_SPIInitMaster 0034    __CFG_CPUDIV$OSC1_PLL2 000000  
          _SPIInitMaster 7F50              _SSPCON1bits 000FC6  
