

Microchip MPLAB XC8 Assembler V2.05 build -831301201 
                                                                                               Thu Jan 30 22:06:59 2020

Microchip MPLAB XC8 C Compiler v2.05 (Free license) build 20181220022703 Og1 
     1                           	processor	18F4550
     2                           	fnconf	rparam,??,?,0
     3                           	opt	pw 120
     4                           	opt	flic
     5                           	psect	cinit,global,reloc=2,class=CODE,delta=1
     6                           	psect	cstackCOMRAM,global,class=COMRAM,space=1,delta=1,noexec
     7                           	psect	text0,global,reloc=2,class=CODE,delta=1
     8                           	psect	intsave_regs,global,class=BIGRAM,space=1,delta=1,noexec
     9                           	psect	rparam,global,class=COMRAM,space=1,delta=1,noexec
    10  0000                     
    11                           ; Version 2.05
    12                           ; Generated 20/12/2018 GMT
    13                           ; 
    14                           ; Copyright © 2018, Microchip Technology Inc. and its subsidiaries ("Microchip")
    15                           ; All rights reserved.
    16                           ; 
    17                           ; This software is developed by Microchip Technology Inc. and its subsidiaries ("Microch
      +                          ip").
    18                           ; 
    19                           ; Redistribution and use in source and binary forms, with or without modification, are
    20                           ; permitted provided that the following conditions are met:
    21                           ; 
    22                           ;     1. Redistributions of source code must retain the above copyright notice, this lis
      +                          t of
    23                           ;        conditions and the following disclaimer.
    24                           ; 
    25                           ;     2. Redistributions in binary form must reproduce the above copyright notice, this 
      +                          list
    26                           ;        of conditions and the following disclaimer in the documentation and/or other
    27                           ;        materials provided with the distribution.
    28                           ; 
    29                           ;     3. Microchip's name may not be used to endorse or promote products derived from th
      +                          is
    30                           ;        software without specific prior written permission.
    31                           ; 
    32                           ; THIS SOFTWARE IS PROVIDED BY MICROCHIP "AS IS" AND ANY EXPRESS OR IMPLIED WARRANTIES,
    33                           ; INCLUDING, BUT NOT LIMITED TO, THE IMPLIED WARRANTIES OF MERCHANTABILITY AND FITNESS F
      +                          OR
    34                           ; PURPOSE ARE DISCLAIMED.  IN NO EVENT SHALL MICROCHIP BE LIABLE FOR ANY DIRECT, INDIREC
      +                          T,
    35                           ; INCIDENTAL, SPECIAL, EXEMPLARY, OR CONSEQUENTIAL DAMAGES (INCLUDING BUT NOT LIMITED TO
    36                           ; PROCUREMENT OF SUBSTITUTE GOODS OR SERVICES; LOSS OF USE, DATA OR PROFITS; OR BUSINESS
    37                           ; INTERRUPTION) HOWSOEVER CAUSED AND ON ANY THEORY OF LIABILITY, WHETHER IN CONTRACT, ST
      +                          RICT
    38                           ; LIABILITY, OR TORT (INCLUDING NEGLIGENCE OR OTHERWISE) ARISING IN ANY WAY OUT OF THE U
      +                          SE OF
    39                           ; THIS SOFTWARE, EVEN IF ADVISED OF THE POSSIBILITY OF SUCH DAMAGE.
    40                           ; 
    41                           ; 
    42                           ; Code-generator required, PIC18F4550 Definitions
    43                           ; 
    44                           ; SFR Addresses
    45  0000                     _LATAbits	set	3977
    46  0000                     _TRISAbits	set	3986
    47  0000                     _ADCON1	set	4033
    48  0000                     _OSCCON	set	4051
    49                           
    50                           ; #config settings
    51  0000                     
    52                           	psect	cinit
    53  007FCE                     __pcinit:
    54                           	opt callstack 0
    55  007FCE                     start_initialization:
    56                           	opt callstack 0
    57  007FCE                     __initialization:
    58                           	opt callstack 0
    59  007FCE                     end_of_initialization:
    60                           	opt callstack 0
    61  007FCE                     __end_of__initialization:
    62                           	opt callstack 0
    63  007FCE  0100               	movlb	0
    64  007FD0  EFEA  F03F         	goto	_main	;jump to C main() function
    65                           
    66                           	psect	cstackCOMRAM
    67  000001                     __pcstackCOMRAM:
    68                           	opt callstack 0
    69  000001                     ??_main:
    70                           
    71                           ; 1 bytes @ 0x0
    72  000001                     	ds	1
    73                           
    74 ;;
    75 ;;Main: autosize = 0, tempsize = 1, incstack = 0, save=0
    76 ;;
    77 ;; *************** function _main *****************
    78 ;; Defined at:
    79 ;;		line 67 in file "Blink.c"
    80 ;; Parameters:    Size  Location     Type
    81 ;;		None
    82 ;; Auto vars:     Size  Location     Type
    83 ;;		None
    84 ;; Return value:  Size  Location     Type
    85 ;;                  1    wreg      void 
    86 ;; Registers used:
    87 ;;		wreg, status,2
    88 ;; Tracked objects:
    89 ;;		On entry : 0/0
    90 ;;		On exit  : 0/0
    91 ;;		Unchanged: 0/0
    92 ;; Data sizes:     COMRAM   BANK0   BANK1   BANK2   BANK3   BANK4   BANK5   BANK6   BANK7
    93 ;;      Params:         0       0       0       0       0       0       0       0       0
    94 ;;      Locals:         0       0       0       0       0       0       0       0       0
    95 ;;      Temps:          1       0       0       0       0       0       0       0       0
    96 ;;      Totals:         1       0       0       0       0       0       0       0       0
    97 ;;Total ram usage:        1 bytes
    98 ;; This function calls:
    99 ;;		Nothing
   100 ;; This function is called by:
   101 ;;		Startup code after reset
   102 ;; This function uses a non-reentrant model
   103 ;;
   104                           
   105                           	psect	text0
   106  007FD4                     __ptext0:
   107                           	opt callstack 0
   108  007FD4                     _main:
   109                           	opt callstack 31
   110                           
   111                           ;Blink.c: 68:     OSCCON = 0x7B;
   112                           
   113                           ;incstack = 0
   114  007FD4  0E7B               	movlw	123
   115  007FD6  6ED3               	movwf	4051,c	;volatile
   116                           
   117                           ;Blink.c: 69:     ADCON1 = 0x0F;
   118  007FD8  0E0F               	movlw	15
   119  007FDA  6EC1               	movwf	4033,c	;volatile
   120                           
   121                           ;Blink.c: 70:     TRISAbits.RA3 = 0;
   122  007FDC  9692               	bcf	3986,3,c	;volatile
   123  007FDE                     l698:
   124                           
   125                           ;Blink.c: 72:         LATAbits.LATA3 = 1;
   126  007FDE  8689               	bsf	3977,3,c	;volatile
   127                           
   128                           ;Blink.c: 73:         _delay((unsigned long)((20)*(8000000/4000.0)));
   129  007FE0  0E34               	movlw	52
   130  007FE2  6E01               	movwf	??_main& (0+255),c
   131  007FE4  0EF2               	movlw	242
   132  007FE6                     u17:
   133  007FE6  2EE8               	decfsz	wreg,f,c
   134  007FE8  D7FE               	bra	u17
   135  007FEA  2E01               	decfsz	??_main& (0+255),f,c
   136  007FEC  D7FC               	bra	u17
   137                           
   138                           ;Blink.c: 74:         LATAbits.LATA3 = 0;
   139  007FEE  9689               	bcf	3977,3,c	;volatile
   140                           
   141                           ;Blink.c: 75:         _delay((unsigned long)((20)*(8000000/4000.0)));
   142  007FF0  0E34               	movlw	52
   143  007FF2  6E01               	movwf	??_main& (0+255),c
   144  007FF4  0EF2               	movlw	242
   145  007FF6                     u27:
   146  007FF6  2EE8               	decfsz	wreg,f,c
   147  007FF8  D7FE               	bra	u27
   148  007FFA  2E01               	decfsz	??_main& (0+255),f,c
   149  007FFC  D7FC               	bra	u27
   150  007FFE  D7EF               	goto	l698
   151  008000                     __end_of_main:
   152                           	opt callstack 0
   153  0000                     
   154                           	psect	rparam
   155  0000                     tosu	equ	0xFFF
   156                           tosh	equ	0xFFE
   157                           tosl	equ	0xFFD
   158                           stkptr	equ	0xFFC
   159                           pclatu	equ	0xFFB
   160                           pclath	equ	0xFFA
   161                           pcl	equ	0xFF9
   162                           tblptru	equ	0xFF8
   163                           tblptrh	equ	0xFF7
   164                           tblptrl	equ	0xFF6
   165                           tablat	equ	0xFF5
   166                           prodh	equ	0xFF4
   167                           prodl	equ	0xFF3
   168                           indf0	equ	0xFEF
   169                           postinc0	equ	0xFEE
   170                           postdec0	equ	0xFED
   171                           preinc0	equ	0xFEC
   172                           plusw0	equ	0xFEB
   173                           fsr0h	equ	0xFEA
   174                           fsr0l	equ	0xFE9
   175                           wreg	equ	0xFE8
   176                           indf1	equ	0xFE7
   177                           postinc1	equ	0xFE6
   178                           postdec1	equ	0xFE5
   179                           preinc1	equ	0xFE4
   180                           plusw1	equ	0xFE3
   181                           fsr1h	equ	0xFE2
   182                           fsr1l	equ	0xFE1
   183                           bsr	equ	0xFE0
   184                           indf2	equ	0xFDF
   185                           postinc2	equ	0xFDE
   186                           postdec2	equ	0xFDD
   187                           preinc2	equ	0xFDC
   188                           plusw2	equ	0xFDB
   189                           fsr2h	equ	0xFDA
   190                           fsr2l	equ	0xFD9
   191                           status	equ	0xFD8


Data Sizes:
    Strings     0
    Constant    0
    Data        0
    BSS         0
    Persistent  0
    Stack       0

Auto Spaces:
    Space          Size  Autos    Used
    COMRAM           95      1       1
    BANK0           160      0       0
    BANK1           256      0       0
    BANK2           256      0       0
    BANK3           256      0       0
    BANK4           256      0       0
    BANK5           256      0       0
    BANK6           256      0       0
    BANK7           256      0       0

Pointer List with Targets:

    None.

Critical Paths under _main in COMRAM

    None.

Critical Paths under _main in BANK0

    None.

Critical Paths under _main in BANK1

    None.

Critical Paths under _main in BANK2

    None.

Critical Paths under _main in BANK3

    None.

Critical Paths under _main in BANK4

    None.

Critical Paths under _main in BANK5

    None.

Critical Paths under _main in BANK6

    None.

Critical Paths under _main in BANK7

    None.

Call Graph Tables:

 ---------------------------------------------------------------------------------
 (Depth) Function   	        Calls       Base Space   Used Autos Params    Refs
 ---------------------------------------------------------------------------------
 (0) _main                                                 1     1      0       0
                                              0 COMRAM     1     1      0
 ---------------------------------------------------------------------------------
 Estimated maximum stack depth 0
 ---------------------------------------------------------------------------------

 Call Graph Graphs:

 _main (ROOT)

 Address spaces:
Name               Size   Autos  Total    Cost      Usage
BITCOMRAM           5F      0       0       0        0.0%
EEDATA             100      0       0       0        0.0%
NULL                 0      0       0       0        0.0%
CODE                 0      0       0       0        0.0%
COMRAM              5F      1       1       1        1.1%
STACK                0      0       0       2        0.0%
DATA                 0      0       0       3        0.0%
BITBANK0            A0      0       0       4        0.0%
BANK0               A0      0       0       5        0.0%
BITBANK1           100      0       0       6        0.0%
BANK1              100      0       0       7        0.0%
BITBANK2           100      0       0       8        0.0%
BANK2              100      0       0       9        0.0%
BITBANK3           100      0       0      10        0.0%
BANK3              100      0       0      11        0.0%
BITBANK4           100      0       0      12        0.0%
BANK4              100      0       0      13        0.0%
BITBANK5           100      0       0      14        0.0%
BANK5              100      0       0      15        0.0%
BITBANK6           100      0       0      16        0.0%
BANK6              100      0       0      17        0.0%
BITBANK7           100      0       0      18        0.0%
BANK7              100      0       0      19        0.0%
ABS                  0      0       0      20        0.0%
BIGRAM             7FF      0       0      21        0.0%
BITSFR               0      0       0     200        0.0%
SFR                  0      0       0     200        0.0%


Microchip Technology PIC18 Macro Assembler V2.05 build -831301201 
Symbol Table                                                                                   Thu Jan 30 22:06:59 2020

                     u17 7FE6                       u27 7FF6              __CFG_BOR$ON 000000  
            __CFG_BORV$3 000000             __CFG_CP0$OFF 000000             __CFG_CP1$OFF 000000  
           __CFG_CP2$OFF 000000             __CFG_CP3$OFF 000000                      l698 7FDE  
           __CFG_CPB$OFF 000000             __CFG_CPD$OFF 000000                      wreg 000FE8  
           __CFG_LVP$OFF 000000             __CFG_WDT$OFF 000000             __CFG_PWRT$ON 000000  
                   _main 7FD4                     start 0000            __CFG_IESO$OFF 000000  
          __CFG_MCLRE$ON 000000             ___param_bank 000000            __CFG_PLLDIV$5 000000  
         __CFG_CCP2MX$ON 000000                    ?_main 0001            __CFG_USBDIV$2 000000  
          __CFG_WRT0$OFF 000000            __CFG_WRT1$OFF 000000            __CFG_WRT2$OFF 000000  
          __CFG_WRT3$OFF 000000           __CFG_EBTR0$OFF 000000           __CFG_FCMEN$OFF 000000  
         __CFG_EBTR1$OFF 000000           __CFG_EBTR2$OFF 000000           __CFG_EBTR3$OFF 000000  
          __CFG_WRTB$OFF 000000            __CFG_WRTC$OFF 000000            __CFG_WRTD$OFF 000000  
         __CFG_EBTRB$OFF 000000           __CFG_ICPRT$OFF 000000          __initialization 7FCE  
           __end_of_main 8000                   ??_main 0001            __activetblptr 000000  
                 _ADCON1 000FC1                   _OSCCON 000FD3           __CFG_XINST$OFF 000000  
         __CFG_STVREN$ON 000000               __accesstop 0060  __end_of__initialization 7FCE  
        __CFG_PBADEN$OFF 000000            ___rparam_used 000001           __pcstackCOMRAM 0001  
        __CFG_VREGEN$OFF 000000                  __Hparam 0000                  __Lparam 0000  
                __pcinit 7FCE                  __ramtop 0800                  __ptext0 7FD4  
   end_of_initialization 7FCE                _TRISAbits 000F92      start_initialization 7FCE  
       __CFG_LPT1OSC$OFF 000000                 _LATAbits 000F89         __CFG_WDTPS$32768 000000  
               __Hrparam 0000                 __Lrparam 0000            __size_of_main 002C  
  __CFG_CPUDIV$OSC3_PLL4 000000      __CFG_FOSC$INTOSC_HS 000000  
